sane W: Directory (etc/sane.d/dll.d) is empty
sane W: Directory (usr/share/sane/epjitsu) is empty
sane W: Directory (usr/share/sane/gt68xx) is empty
sane W: Directory (usr/share/sane/snapscan) is empty
sane W: Directory (usr/share/sane/artec_eplus48u) is empty
sane W: Unused shared library '/usr/lib/libv4l1.so.0' by file ('usr/lib/libsane.so.1.0.27')
sane W: Unused shared library '/usr/lib/libtiff.so.5' by file ('usr/lib/libsane.so.1.0.27')
sane W: Unused shared library '/usr/lib/libjpeg.so.8' by file ('usr/lib/libsane.so.1.0.27')
sane W: Unused shared library '/usr/lib/libgphoto2.so.6' by file ('usr/lib/libsane.so.1.0.27')
sane W: Unused shared library '/usr/lib/libgphoto2_port.so.12' by file ('usr/lib/libsane.so.1.0.27')
sane W: Unused shared library '/usr/lib/libavahi-common.so.3' by file ('usr/lib/libsane.so.1.0.27')
sane W: Unused shared library '/usr/lib/libavahi-client.so.3' by file ('usr/lib/libsane.so.1.0.27')
sane W: Unused shared library '/usr/lib/libm.so.6' by file ('usr/lib/sane/libsane-coolscan2.so.1.0.27')
sane W: Unused shared library '/usr/lib/libm.so.6' by file ('usr/lib/sane/libsane-gphoto2.so.1.0.27')
sane W: Unused shared library '/usr/lib/libm.so.6' by file ('usr/lib/sane/libsane-kodakaio.so.1.0.27')
sane W: Unused shared library '/usr/lib/libcrypto.so.1.1' by file ('usr/lib/sane/libsane-magicolor.so.1.0.27')
sane W: Unused shared library '/usr/lib/libnl-3.so.200' by file ('usr/lib/sane/libsane-magicolor.so.1.0.27')
sane W: Unused shared library '/usr/lib/libm.so.6' by file ('usr/lib/sane/libsane-magicolor.so.1.0.27')
sane W: Unused shared library '/usr/lib/libm.so.6' by file ('usr/lib/sane/libsane-epsonds.so.1.0.27')
sane W: Unused shared library '/usr/lib/libm.so.6' by file ('usr/lib/sane/libsane-epson2.so.1.0.27')
sane W: Unused shared library '/usr/lib/libm.so.6' by file ('usr/lib/sane/libsane-kodak.so.1.0.27')
sane W: Unused shared library '/usr/lib/libusb-1.0.so.0' by file ('usr/lib/sane/libsane-kodak.so.1.0.27')
sane W: Unused shared library '/usr/lib/libm.so.6' by file ('usr/lib/sane/libsane-coolscan3.so.1.0.27')
sane W: Unused shared library '/usr/lib/libm.so.6' by file ('usr/lib/sane/libsane-hpljm1005.so.1.0.27')
sane W: Unused shared library '/usr/lib/libm.so.6' by file ('usr/lib/sane/libsane-xerox_mfp.so.1.0.27')
sane W: Dependency libtiff included but already satisfied
sane W: Dependency libjpeg included but already satisfied
sane W: Dependency avahi included but already satisfied
sane W: Dependency bash included but already satisfied
