Making install in include
make[1]: Verzeichnis „/build/sane/src/sane-backends-1.0.27/include“ wird betreten
make[2]: Verzeichnis „/build/sane/src/sane-backends-1.0.27/include“ wird betreten
make[2]: Für das Ziel „install-exec-am“ ist nichts zu tun.
 /usr/bin/mkdir -p '/build/sane/pkg/sane/usr/include'
 /usr/bin/mkdir -p '/build/sane/pkg/sane/usr/include/sane'
 /usr/bin/install -c -m 644  sane/sane.h sane/saneopts.h '/build/sane/pkg/sane/usr/include/sane'
make[2]: Verzeichnis „/build/sane/src/sane-backends-1.0.27/include“ wird verlassen
make[1]: Verzeichnis „/build/sane/src/sane-backends-1.0.27/include“ wird verlassen
Making install in lib
make[1]: Verzeichnis „/build/sane/src/sane-backends-1.0.27/lib“ wird betreten
make[2]: Verzeichnis „/build/sane/src/sane-backends-1.0.27/lib“ wird betreten
make[2]: Für das Ziel „install-exec-am“ ist nichts zu tun.
make[2]: Für das Ziel „install-data-am“ ist nichts zu tun.
make[2]: Verzeichnis „/build/sane/src/sane-backends-1.0.27/lib“ wird verlassen
make[1]: Verzeichnis „/build/sane/src/sane-backends-1.0.27/lib“ wird verlassen
Making install in sanei
make[1]: Verzeichnis „/build/sane/src/sane-backends-1.0.27/sanei“ wird betreten
make[2]: Verzeichnis „/build/sane/src/sane-backends-1.0.27/sanei“ wird betreten
make[2]: Für das Ziel „install-exec-am“ ist nichts zu tun.
make[2]: Für das Ziel „install-data-am“ ist nichts zu tun.
make[2]: Verzeichnis „/build/sane/src/sane-backends-1.0.27/sanei“ wird verlassen
make[1]: Verzeichnis „/build/sane/src/sane-backends-1.0.27/sanei“ wird verlassen
Making install in backend
make[1]: Verzeichnis „/build/sane/src/sane-backends-1.0.27/backend“ wird betreten
make  install-am
make[2]: Verzeichnis „/build/sane/src/sane-backends-1.0.27/backend“ wird betreten
make[3]: Verzeichnis „/build/sane/src/sane-backends-1.0.27/backend“ wird betreten
 /usr/bin/mkdir -p '/build/sane/pkg/sane/usr/lib'
 /bin/sh ../libtool --silent   --mode=install /usr/bin/install -c   libsane.la '/build/sane/pkg/sane/usr/lib'
libtool: install: warning: remember to run `libtool --finish /usr/lib'
 /usr/bin/mkdir -p '/build/sane/pkg/sane/usr/lib/sane'
 /bin/sh ../libtool --silent   --mode=install /usr/bin/install -c   libsane-abaton.la libsane-agfafocus.la libsane-apple.la libsane-artec.la libsane-artec_eplus48u.la libsane-as6e.la libsane-avision.la libsane-bh.la libsane-canon.la libsane-canon630u.la libsane-canon_dr.la libsane-canon_pp.la libsane-cardscan.la libsane-coolscan.la libsane-coolscan2.la libsane-coolscan3.la libsane-dc25.la libsane-dc210.la libsane-dc240.la libsane-dell1600n_net.la libsane-dmc.la libsane-epjitsu.la libsane-epson.la libsane-epson2.la libsane-epsonds.la libsane-fujitsu.la libsane-genesys.la libsane-gphoto2.la libsane-gt68xx.la libsane-hp.la libsane-hp3500.la libsane-hp3900.la libsane-hp4200.la libsane-hp5400.la libsane-hp5590.la libsane-hpsj5s.la libsane-hpljm1005.la libsane-hs2p.la libsane-ibm.la libsane-kodak.la libsane-kodakaio.la libsane-kvs1025.la libsane-kvs20xx.la libsane-kvs40xx.la libsane-leo.la libsane-lexmark.la libsane-ma1509.la libsane-magicolor.la libsane-matsushita.la libsane-microtek.la libsane-microtek2.la libsane-mustek.la libsane-mustek_pp.la libsane-mustek_usb.la libsane-mustek_usb2.la libsane-nec.la libsane-net.la libsane-niash.la libsane-pie.la libsane-pieusb.la libsane-pixma.la libsane-plustek.la libsane-plustek_pp.la libsane-qcam.la libsane-ricoh.la libsane-rts8891.la libsane-s9036.la libsane-sceptre.la libsane-sharp.la libsane-sm3600.la libsane-sm3840.la libsane-snapscan.la libsane-sp15c.la libsane-st400.la libsane-stv680.la libsane-tamarack.la libsane-teco1.la libsane-teco2.la libsane-teco3.la libsane-test.la libsane-u12.la libsane-umax.la libsane-umax_pp.la libsane-umax1220u.la libsane-v4l.la libsane-xerox_mfp.la libsane-p5.la libsane-dll.la '/build/sane/pkg/sane/usr/lib/sane'
libtool: install: warning: remember to run `libtool --finish /usr/lib/sane'
make  install-data-hook
make[4]: Verzeichnis „/build/sane/src/sane-backends-1.0.27/backend“ wird betreten
for dir in artec_eplus48u gt68xx snapscan epjitsu ; do \
  /bin/sh ../mkinstalldirs /build/sane/pkg/sane/usr/share/sane/${dir} ; \
  done
mkdir -p -- /build/sane/pkg/sane/usr/share/sane/artec_eplus48u
rm -f /build/sane/pkg/sane/usr/lib/sane/libsane.*
test -z "/etc/sane.d" || /usr/bin/mkdir -p "/build/sane/pkg/sane/etc/sane.d"
mkdir -p -- /build/sane/pkg/sane/usr/share/sane/gt68xx
test -z "/etc/sane.d/dll.d" || /usr/bin/mkdir -p "/build/sane/pkg/sane/etc/sane.d/dll.d"
mkdir -p -- /build/sane/pkg/sane/usr/share/sane/snapscan
installing abaton.conf in /etc/sane.d/abaton.conf...
installing agfafocus.conf in /etc/sane.d/agfafocus.conf...
installing apple.conf in /etc/sane.d/apple.conf...
installing artec.conf in /etc/sane.d/artec.conf...
installing artec_eplus48u.conf in /etc/sane.d/artec_eplus48u.conf...
mkdir -p -- /build/sane/pkg/sane/usr/share/sane/epjitsu
installing avision.conf in /etc/sane.d/avision.conf...
installing bh.conf in /etc/sane.d/bh.conf...
installing canon.conf in /etc/sane.d/canon.conf...
installing canon630u.conf in /etc/sane.d/canon630u.conf...
installing canon_dr.conf in /etc/sane.d/canon_dr.conf...
installing canon_pp.conf in /etc/sane.d/canon_pp.conf...
installing cardscan.conf in /etc/sane.d/cardscan.conf...
installing coolscan.conf in /etc/sane.d/coolscan.conf...
installing coolscan2.conf in /etc/sane.d/coolscan2.conf...
installing coolscan3.conf in /etc/sane.d/coolscan3.conf...
installing dc25.conf in /etc/sane.d/dc25.conf...
installing dc210.conf in /etc/sane.d/dc210.conf...
installing dc240.conf in /etc/sane.d/dc240.conf...
installing dell1600n_net.conf in /etc/sane.d/dell1600n_net.conf...
installing dmc.conf in /etc/sane.d/dmc.conf...
installing epjitsu.conf in /etc/sane.d/epjitsu.conf...
installing epson.conf in /etc/sane.d/epson.conf...
installing epson2.conf in /etc/sane.d/epson2.conf...
installing epsonds.conf in /etc/sane.d/epsonds.conf...
installing fujitsu.conf in /etc/sane.d/fujitsu.conf...
installing genesys.conf in /etc/sane.d/genesys.conf...
installing gphoto2.conf in /etc/sane.d/gphoto2.conf...
installing gt68xx.conf in /etc/sane.d/gt68xx.conf...
installing hp.conf in /etc/sane.d/hp.conf...
installing hp3900.conf in /etc/sane.d/hp3900.conf...
installing hp4200.conf in /etc/sane.d/hp4200.conf...
installing hp5400.conf in /etc/sane.d/hp5400.conf...
installing hpsj5s.conf in /etc/sane.d/hpsj5s.conf...
installing hs2p.conf in /etc/sane.d/hs2p.conf...
installing ibm.conf in /etc/sane.d/ibm.conf...
installing kodak.conf in /etc/sane.d/kodak.conf...
installing kodakaio.conf in /etc/sane.d/kodakaio.conf...
installing kvs1025.conf in /etc/sane.d/kvs1025.conf...
installing leo.conf in /etc/sane.d/leo.conf...
installing lexmark.conf in /etc/sane.d/lexmark.conf...
installing ma1509.conf in /etc/sane.d/ma1509.conf...
installing magicolor.conf in /etc/sane.d/magicolor.conf...
installing matsushita.conf in /etc/sane.d/matsushita.conf...
installing microtek.conf in /etc/sane.d/microtek.conf...
installing microtek2.conf in /etc/sane.d/microtek2.conf...
installing mustek.conf in /etc/sane.d/mustek.conf...
installing mustek_pp.conf in /etc/sane.d/mustek_pp.conf...
installing mustek_usb.conf in /etc/sane.d/mustek_usb.conf...
installing nec.conf in /etc/sane.d/nec.conf...
installing net.conf in /etc/sane.d/net.conf...
installing pie.conf in /etc/sane.d/pie.conf...
installing pieusb.conf in /etc/sane.d/pieusb.conf...
installing pixma.conf in /etc/sane.d/pixma.conf...
installing plustek.conf in /etc/sane.d/plustek.conf...
installing plustek_pp.conf in /etc/sane.d/plustek_pp.conf...
installing qcam.conf in /etc/sane.d/qcam.conf...
installing ricoh.conf in /etc/sane.d/ricoh.conf...
installing rts8891.conf in /etc/sane.d/rts8891.conf...
installing s9036.conf in /etc/sane.d/s9036.conf...
installing sceptre.conf in /etc/sane.d/sceptre.conf...
installing sharp.conf in /etc/sane.d/sharp.conf...
installing sm3840.conf in /etc/sane.d/sm3840.conf...
installing snapscan.conf in /etc/sane.d/snapscan.conf...
installing sp15c.conf in /etc/sane.d/sp15c.conf...
installing st400.conf in /etc/sane.d/st400.conf...
installing stv680.conf in /etc/sane.d/stv680.conf...
installing tamarack.conf in /etc/sane.d/tamarack.conf...
installing teco1.conf in /etc/sane.d/teco1.conf...
installing teco2.conf in /etc/sane.d/teco2.conf...
installing teco3.conf in /etc/sane.d/teco3.conf...
installing test.conf in /etc/sane.d/test.conf...
installing u12.conf in /etc/sane.d/u12.conf...
installing umax.conf in /etc/sane.d/umax.conf...
installing umax_pp.conf in /etc/sane.d/umax_pp.conf...
installing umax1220u.conf in /etc/sane.d/umax1220u.conf...
installing v4l.conf in /etc/sane.d/v4l.conf...
installing xerox_mfp.conf in /etc/sane.d/xerox_mfp.conf...
installing p5.conf in /etc/sane.d/p5.conf...
installing saned.conf in /etc/sane.d/saned.conf...
installing dll.conf in /etc/sane.d/dll.conf...
make[4]: Verzeichnis „/build/sane/src/sane-backends-1.0.27/backend“ wird verlassen
make[3]: Verzeichnis „/build/sane/src/sane-backends-1.0.27/backend“ wird verlassen
make[2]: Verzeichnis „/build/sane/src/sane-backends-1.0.27/backend“ wird verlassen
make[1]: Verzeichnis „/build/sane/src/sane-backends-1.0.27/backend“ wird verlassen
Making install in frontend
make[1]: Verzeichnis „/build/sane/src/sane-backends-1.0.27/frontend“ wird betreten
make[2]: Verzeichnis „/build/sane/src/sane-backends-1.0.27/frontend“ wird betreten
 /usr/bin/mkdir -p '/build/sane/pkg/sane/usr/bin'
make[2]: Für das Ziel „install-data-am“ ist nichts zu tun.
 /usr/bin/mkdir -p '/build/sane/pkg/sane/usr/bin'
  /bin/sh ../libtool   --mode=install /usr/bin/install -c scanimage '/build/sane/pkg/sane/usr/bin'
  /bin/sh ../libtool   --mode=install /usr/bin/install -c saned '/build/sane/pkg/sane/usr/bin'
libtool: install: warning: `../backend/libsane.la' has not been installed in `/usr/lib'
libtool: install: warning: `../backend/libsane.la' has not been installed in `/usr/lib'
libtool: install: /usr/bin/install -c .libs/scanimage /build/sane/pkg/sane/usr/bin/scanimage
libtool: install: /usr/bin/install -c .libs/saned /build/sane/pkg/sane/usr/bin/saned
make[2]: Verzeichnis „/build/sane/src/sane-backends-1.0.27/frontend“ wird verlassen
make[1]: Verzeichnis „/build/sane/src/sane-backends-1.0.27/frontend“ wird verlassen
Making install in tools
make[1]: Verzeichnis „/build/sane/src/sane-backends-1.0.27/tools“ wird betreten
for subdir in hal hotplug hotplug-ng udev; do \
  /usr/bin/mkdir -p $subdir || exit 1; \
  done
make  install-am
make[2]: Verzeichnis „/build/sane/src/sane-backends-1.0.27/tools“ wird betreten
make[3]: Verzeichnis „/build/sane/src/sane-backends-1.0.27/tools“ wird betreten
 /usr/bin/mkdir -p '/build/sane/pkg/sane/usr/lib/pkgconfig'
 /usr/bin/mkdir -p '/build/sane/pkg/sane/usr/bin'
 /usr/bin/mkdir -p '/build/sane/pkg/sane/usr/bin'
 /usr/bin/install -c -m 644 sane-backends.pc '/build/sane/pkg/sane/usr/lib/pkgconfig'
 /usr/bin/install -c sane-config '/build/sane/pkg/sane/usr/bin'
  /bin/sh ../libtool   --mode=install /usr/bin/install -c sane-find-scanner gamma4scanimage umax_pp '/build/sane/pkg/sane/usr/bin'
libtool: install: /usr/bin/install -c sane-find-scanner /build/sane/pkg/sane/usr/bin/sane-find-scanner
libtool: install: /usr/bin/install -c gamma4scanimage /build/sane/pkg/sane/usr/bin/gamma4scanimage
libtool: install: /usr/bin/install -c umax_pp /build/sane/pkg/sane/usr/bin/umax_pp
make[3]: Verzeichnis „/build/sane/src/sane-backends-1.0.27/tools“ wird verlassen
make[2]: Verzeichnis „/build/sane/src/sane-backends-1.0.27/tools“ wird verlassen
make[1]: Verzeichnis „/build/sane/src/sane-backends-1.0.27/tools“ wird verlassen
Making install in doc
make[1]: Verzeichnis „/build/sane/src/sane-backends-1.0.27/doc“ wird betreten
make[2]: Verzeichnis „/build/sane/src/sane-backends-1.0.27/doc“ wird betreten
make[2]: Für das Ziel „install-exec-am“ ist nichts zu tun.
test -z "/usr/share/man/man5" || /usr/bin/mkdir -p "/build/sane/pkg/sane/usr/share/man/man5"
 /usr/bin/mkdir -p '/build/sane/pkg/sane/usr/share/doc/sane-backends'
 /usr/bin/mkdir -p '/build/sane/pkg/sane/usr/share/doc/sane-backends'
 /usr/bin/mkdir -p '/build/sane/pkg/sane/usr/share/man/man1'
installing sane-abaton.5 in /usr/share/man/man5/sane-abaton.5...
 /usr/bin/install -c -m 644 backend-writing.txt '/build/sane/pkg/sane/usr/share/doc/sane-backends'
 /usr/bin/mkdir -p '/build/sane/pkg/sane/usr/share/man/man7'
installing sane-agfafocus.5 in /usr/share/man/man5/sane-agfafocus.5...
 /usr/bin/install -c -m 644 sane-backends.html sane-backends-external.html sane-mfgs.html sane-mfgs-external.html '/build/sane/pkg/sane/usr/share/doc/sane-backends'
installing sane-apple.5 in /usr/share/man/man5/sane-apple.5...
 /usr/bin/mkdir -p '/build/sane/pkg/sane/usr/share/doc/sane-backends'
installing sane-artec.5 in /usr/share/man/man5/sane-artec.5...
 /usr/bin/mkdir -p '/build/sane/pkg/sane/usr/share/man/man8'
installing sane-artec_eplus48u.5 in /usr/share/man/man5/sane-artec_eplus48u.5...
 /usr/bin/install -c -m 644 scanimage.1 sane-config.1 sane-find-scanner.1 gamma4scanimage.1 '/build/sane/pkg/sane/usr/share/man/man1'
 /usr/bin/install -c -m 644 sane.7 '/build/sane/pkg/sane/usr/share/man/man7'
installing sane-as6e.5 in /usr/share/man/man5/sane-as6e.5...
installing sane-avision.5 in /usr/share/man/man5/sane-avision.5...
installing sane-bh.5 in /usr/share/man/man5/sane-bh.5...
installing sane-canon.5 in /usr/share/man/man5/sane-canon.5...
installing sane-canon630u.5 in /usr/share/man/man5/sane-canon630u.5...
installing sane-canon_dr.5 in /usr/share/man/man5/sane-canon_dr.5...
installing sane-canon_pp.5 in /usr/share/man/man5/sane-canon_pp.5...
installing sane-cardscan.5 in /usr/share/man/man5/sane-cardscan.5...
installing sane-coolscan.5 in /usr/share/man/man5/sane-coolscan.5...
 /usr/bin/install -c -m 644 saned.8 '/build/sane/pkg/sane/usr/share/man/man8'
installing sane-coolscan2.5 in /usr/share/man/man5/sane-coolscan2.5...
installing sane-coolscan3.5 in /usr/share/man/man5/sane-coolscan3.5...
 /usr/bin/mkdir -p '/build/sane/pkg/sane/usr/share/doc/sane-backends/umax'
installing sane-dc25.5 in /usr/share/man/man5/sane-dc25.5...
 /usr/bin/install -c -m 644  umax/negative-types.txt umax/sane-logo.jpg umax/sane-umax-advanced-options-doc.html umax/sane-umax-advanced.jpg umax/sane-umax-astra-doc.html umax/sane-umax-config-doc.html umax/sane-umax-doc.html umax/sane-umax-histogram.jpg umax/sane-umax-mirage-doc.html umax/sane-umax-not-listed-doc.html umax/sane-umax-others-doc.html umax/sane-umax-parport-doc.html umax/sane-umax-powerlook-doc.html umax/sane-umax-scanner-clones-doc.html umax/sane-umax-speed-doc.html umax/sane-umax-standard-options-doc.html umax/sane-umax-standard.jpg umax/sane-umax-text.jpg umax/sane-umax-text2.jpg umax/sane-umax-text4.jpg umax/sane-umax-uc-doc.html umax/sane-umax-vista-doc.html umax/sane-umax.jpg umax/umax.BUGS umax/umax.CHANGES umax/umax.FAQ umax/umax.TODO '/build/sane/pkg/sane/usr/share/doc/sane-backends/umax'
installing sane-dc210.5 in /usr/share/man/man5/sane-dc210.5...
installing sane-dc240.5 in /usr/share/man/man5/sane-dc240.5...
 /usr/bin/mkdir -p '/build/sane/pkg/sane/usr/share/doc/sane-backends/gt68xx'
 /usr/bin/install -c -m 644  gt68xx/gt68xx.CHANGES gt68xx/gt68xx.TODO '/build/sane/pkg/sane/usr/share/doc/sane-backends/gt68xx'
 /usr/bin/mkdir -p '/build/sane/pkg/sane/usr/share/doc/sane-backends/plustek'
 /usr/bin/install -c -m 644  plustek/FAQ plustek/MakeModule.sh plustek/Makefile.kernel24 plustek/Makefile.kernel26 plustek/Plustek-PARPORT-TODO.txt plustek/Plustek-PARPORT.changes plustek/Plustek-PARPORT.txt plustek/Plustek-USB-TODO.txt plustek/Plustek-USB.changes plustek/Plustek-USB.txt '/build/sane/pkg/sane/usr/share/doc/sane-backends/plustek'
installing sane-dmc.5 in /usr/share/man/man5/sane-dmc.5...
installing sane-epjitsu.5 in /usr/share/man/man5/sane-epjitsu.5...
 /usr/bin/mkdir -p '/build/sane/pkg/sane/usr/share/doc/sane-backends/teco'
installing sane-epson.5 in /usr/share/man/man5/sane-epson.5...
 /usr/bin/install -c -m 644  teco/teco1.txt teco/teco2.txt teco/teco3.txt '/build/sane/pkg/sane/usr/share/doc/sane-backends/teco'
installing sane-epson2.5 in /usr/share/man/man5/sane-epson2.5...
 /usr/bin/mkdir -p '/build/sane/pkg/sane/usr/share/doc/sane-backends/mustek'
installing sane-epsonds.5 in /usr/share/man/man5/sane-epsonds.5...
 /usr/bin/install -c -m 644  mustek/mustek.CHANGES '/build/sane/pkg/sane/usr/share/doc/sane-backends/mustek'
installing sane-fujitsu.5 in /usr/share/man/man5/sane-fujitsu.5...
 /usr/bin/mkdir -p '/build/sane/pkg/sane/usr/share/doc/sane-backends/canon'
installing sane-genesys.5 in /usr/share/man/man5/sane-genesys.5...
 /usr/bin/install -c -m 644  canon/canon.changes canon/canon.install2700F.txt '/build/sane/pkg/sane/usr/share/doc/sane-backends/canon'
installing sane-gphoto2.5 in /usr/share/man/man5/sane-gphoto2.5...
 /usr/bin/mkdir -p '/build/sane/pkg/sane/usr/share/doc/sane-backends/mustek_usb'
installing sane-gt68xx.5 in /usr/share/man/man5/sane-gt68xx.5...
 /usr/bin/install -c -m 644  mustek_usb/mustek_usb.CHANGES mustek_usb/mustek_usb.TODO '/build/sane/pkg/sane/usr/share/doc/sane-backends/mustek_usb'
installing sane-hp.5 in /usr/share/man/man5/sane-hp.5...
 /usr/bin/mkdir -p '/build/sane/pkg/sane/usr/share/doc/sane-backends/u12'
installing sane-hp3500.5 in /usr/share/man/man5/sane-hp3500.5...
 /usr/bin/install -c -m 644  u12/U12.changes u12/U12.todo '/build/sane/pkg/sane/usr/share/doc/sane-backends/u12'
installing sane-hp3900.5 in /usr/share/man/man5/sane-hp3900.5...
 /usr/bin/mkdir -p '/build/sane/pkg/sane/usr/share/doc/sane-backends/mustek_usb2'
installing sane-hp4200.5 in /usr/share/man/man5/sane-hp4200.5...
 /usr/bin/install -c -m 644  mustek_usb2/mustek_usb2.CHANGES mustek_usb2/mustek_usb2.TODO '/build/sane/pkg/sane/usr/share/doc/sane-backends/mustek_usb2'
installing sane-hp5400.5 in /usr/share/man/man5/sane-hp5400.5...
installing sane-hp5590.5 in /usr/share/man/man5/sane-hp5590.5...
 /usr/bin/mkdir -p '/build/sane/pkg/sane/usr/share/doc/sane-backends/matsushita'
installing sane-hpsj5s.5 in /usr/share/man/man5/sane-hpsj5s.5...
 /usr/bin/install -c -m 644  matsushita/matsushita.txt '/build/sane/pkg/sane/usr/share/doc/sane-backends/matsushita'
installing sane-hpljm1005.5 in /usr/share/man/man5/sane-hpljm1005.5...
 /usr/bin/mkdir -p '/build/sane/pkg/sane/usr/share/doc/sane-backends/sceptre'
installing sane-hs2p.5 in /usr/share/man/man5/sane-hs2p.5...
 /usr/bin/install -c -m 644  sceptre/s1200.txt '/build/sane/pkg/sane/usr/share/doc/sane-backends/sceptre'
installing sane-ibm.5 in /usr/share/man/man5/sane-ibm.5...
 /usr/bin/mkdir -p '/build/sane/pkg/sane/usr/share/doc/sane-backends/niash'
installing sane-kodak.5 in /usr/share/man/man5/sane-kodak.5...
 /usr/bin/install -c -m 644  niash/niash.TODO '/build/sane/pkg/sane/usr/share/doc/sane-backends/niash'
installing sane-kodakaio.5 in /usr/share/man/man5/sane-kodakaio.5...
 /usr/bin/mkdir -p '/build/sane/pkg/sane/usr/share/doc/sane-backends/leo'
installing sane-kvs1025.5 in /usr/share/man/man5/sane-kvs1025.5...
 /usr/bin/install -c -m 644  leo/leo.txt '/build/sane/pkg/sane/usr/share/doc/sane-backends/leo'
installing sane-kvs20xx.5 in /usr/share/man/man5/sane-kvs20xx.5...
installing sane-kvs40xx.5 in /usr/share/man/man5/sane-kvs40xx.5...
installing sane-leo.5 in /usr/share/man/man5/sane-leo.5...
installing sane-lexmark.5 in /usr/share/man/man5/sane-lexmark.5...
installing sane-ma1509.5 in /usr/share/man/man5/sane-ma1509.5...
installing sane-magicolor.5 in /usr/share/man/man5/sane-magicolor.5...
installing sane-matsushita.5 in /usr/share/man/man5/sane-matsushita.5...
installing sane-microtek.5 in /usr/share/man/man5/sane-microtek.5...
installing sane-microtek2.5 in /usr/share/man/man5/sane-microtek2.5...
installing sane-mustek.5 in /usr/share/man/man5/sane-mustek.5...
installing sane-mustek_pp.5 in /usr/share/man/man5/sane-mustek_pp.5...
installing sane-mustek_usb.5 in /usr/share/man/man5/sane-mustek_usb.5...
installing sane-mustek_usb2.5 in /usr/share/man/man5/sane-mustek_usb2.5...
installing sane-nec.5 in /usr/share/man/man5/sane-nec.5...
installing sane-net.5 in /usr/share/man/man5/sane-net.5...
installing sane-niash.5 in /usr/share/man/man5/sane-niash.5...
installing sane-pie.5 in /usr/share/man/man5/sane-pie.5...
installing sane-pieusb.5 in /usr/share/man/man5/sane-pieusb.5...
installing sane-pixma.5 in /usr/share/man/man5/sane-pixma.5...
installing sane-plustek.5 in /usr/share/man/man5/sane-plustek.5...
installing sane-plustek_pp.5 in /usr/share/man/man5/sane-plustek_pp.5...
installing sane-qcam.5 in /usr/share/man/man5/sane-qcam.5...
installing sane-ricoh.5 in /usr/share/man/man5/sane-ricoh.5...
installing sane-rts8891.5 in /usr/share/man/man5/sane-rts8891.5...
installing sane-s9036.5 in /usr/share/man/man5/sane-s9036.5...
installing sane-sceptre.5 in /usr/share/man/man5/sane-sceptre.5...
installing sane-sharp.5 in /usr/share/man/man5/sane-sharp.5...
installing sane-sm3600.5 in /usr/share/man/man5/sane-sm3600.5...
installing sane-sm3840.5 in /usr/share/man/man5/sane-sm3840.5...
installing sane-snapscan.5 in /usr/share/man/man5/sane-snapscan.5...
installing sane-sp15c.5 in /usr/share/man/man5/sane-sp15c.5...
installing sane-st400.5 in /usr/share/man/man5/sane-st400.5...
installing sane-stv680.5 in /usr/share/man/man5/sane-stv680.5...
installing sane-tamarack.5 in /usr/share/man/man5/sane-tamarack.5...
installing sane-teco1.5 in /usr/share/man/man5/sane-teco1.5...
installing sane-teco2.5 in /usr/share/man/man5/sane-teco2.5...
installing sane-teco3.5 in /usr/share/man/man5/sane-teco3.5...
installing sane-test.5 in /usr/share/man/man5/sane-test.5...
installing sane-u12.5 in /usr/share/man/man5/sane-u12.5...
installing sane-umax.5 in /usr/share/man/man5/sane-umax.5...
installing sane-umax_pp.5 in /usr/share/man/man5/sane-umax_pp.5...
installing sane-umax1220u.5 in /usr/share/man/man5/sane-umax1220u.5...
installing sane-v4l.5 in /usr/share/man/man5/sane-v4l.5...
installing sane-xerox_mfp.5 in /usr/share/man/man5/sane-xerox_mfp.5...
installing sane-p5.5 in /usr/share/man/man5/sane-p5.5...
installing sane-dll.5 in /usr/share/man/man5/sane-dll.5...
installing sane-scsi.5 in /usr/share/man/man5/sane-scsi.5...
installing sane-usb.5 in /usr/share/man/man5/sane-usb.5...
make[2]: Verzeichnis „/build/sane/src/sane-backends-1.0.27/doc“ wird verlassen
make[1]: Verzeichnis „/build/sane/src/sane-backends-1.0.27/doc“ wird verlassen
Making install in po
make[1]: Verzeichnis „/build/sane/src/sane-backends-1.0.27/po“ wird betreten
installing bg.gmo as /build/sane/pkg/sane/usr/share/locale/bg/LC_MESSAGES/sane-backends.mo
installing cs.gmo as /build/sane/pkg/sane/usr/share/locale/cs/LC_MESSAGES/sane-backends.mo
installing da.gmo as /build/sane/pkg/sane/usr/share/locale/da/LC_MESSAGES/sane-backends.mo
installing de.gmo as /build/sane/pkg/sane/usr/share/locale/de/LC_MESSAGES/sane-backends.mo
installing en@boldquot.gmo as /build/sane/pkg/sane/usr/share/locale/en@boldquot/LC_MESSAGES/sane-backends.mo
installing en@quot.gmo as /build/sane/pkg/sane/usr/share/locale/en@quot/LC_MESSAGES/sane-backends.mo
installing en_GB.gmo as /build/sane/pkg/sane/usr/share/locale/en_GB/LC_MESSAGES/sane-backends.mo
installing eo.gmo as /build/sane/pkg/sane/usr/share/locale/eo/LC_MESSAGES/sane-backends.mo
installing es.gmo as /build/sane/pkg/sane/usr/share/locale/es/LC_MESSAGES/sane-backends.mo
installing fi.gmo as /build/sane/pkg/sane/usr/share/locale/fi/LC_MESSAGES/sane-backends.mo
installing fr.gmo as /build/sane/pkg/sane/usr/share/locale/fr/LC_MESSAGES/sane-backends.mo
installing gl.gmo as /build/sane/pkg/sane/usr/share/locale/gl/LC_MESSAGES/sane-backends.mo
installing hu.gmo as /build/sane/pkg/sane/usr/share/locale/hu/LC_MESSAGES/sane-backends.mo
installing it.gmo as /build/sane/pkg/sane/usr/share/locale/it/LC_MESSAGES/sane-backends.mo
installing ja.gmo as /build/sane/pkg/sane/usr/share/locale/ja/LC_MESSAGES/sane-backends.mo
installing nb.gmo as /build/sane/pkg/sane/usr/share/locale/nb/LC_MESSAGES/sane-backends.mo
installing nl.gmo as /build/sane/pkg/sane/usr/share/locale/nl/LC_MESSAGES/sane-backends.mo
installing pl.gmo as /build/sane/pkg/sane/usr/share/locale/pl/LC_MESSAGES/sane-backends.mo
installing pt.gmo as /build/sane/pkg/sane/usr/share/locale/pt/LC_MESSAGES/sane-backends.mo
installing ru.gmo as /build/sane/pkg/sane/usr/share/locale/ru/LC_MESSAGES/sane-backends.mo
installing sv.gmo as /build/sane/pkg/sane/usr/share/locale/sv/LC_MESSAGES/sane-backends.mo
installing uk.gmo as /build/sane/pkg/sane/usr/share/locale/uk/LC_MESSAGES/sane-backends.mo
if test "sane-backends" = "gettext-tools"; then \
  /usr/bin/mkdir -p /build/sane/pkg/sane/usr/share/gettext/po; \
  for file in Makefile.in.in remove-potcdate.sin quot.sed boldquot.sed en@quot.header en@boldquot.header insert-header.sin Rules-quot   Makevars.template; do \
    /usr/bin/install -c -m 644 ./$file \
		    /build/sane/pkg/sane/usr/share/gettext/po/$file; \
  done; \
  for file in Makevars; do \
    rm -f /build/sane/pkg/sane/usr/share/gettext/po/$file; \
  done; \
else \
  : ; \
fi
make[1]: Verzeichnis „/build/sane/src/sane-backends-1.0.27/po“ wird verlassen
Making install in testsuite
make[1]: Verzeichnis „/build/sane/src/sane-backends-1.0.27/testsuite“ wird betreten
Making install in sanei
make[2]: Verzeichnis „/build/sane/src/sane-backends-1.0.27/testsuite/sanei“ wird betreten
make[3]: Verzeichnis „/build/sane/src/sane-backends-1.0.27/testsuite/sanei“ wird betreten
make[3]: Für das Ziel „install-exec-am“ ist nichts zu tun.
make[3]: Für das Ziel „install-data-am“ ist nichts zu tun.
make[3]: Verzeichnis „/build/sane/src/sane-backends-1.0.27/testsuite/sanei“ wird verlassen
make[2]: Verzeichnis „/build/sane/src/sane-backends-1.0.27/testsuite/sanei“ wird verlassen
Making install in tools
make[2]: Verzeichnis „/build/sane/src/sane-backends-1.0.27/testsuite/tools“ wird betreten
make[3]: Verzeichnis „/build/sane/src/sane-backends-1.0.27/testsuite/tools“ wird betreten
make[3]: Für das Ziel „install-exec-am“ ist nichts zu tun.
make[3]: Für das Ziel „install-data-am“ ist nichts zu tun.
make[3]: Verzeichnis „/build/sane/src/sane-backends-1.0.27/testsuite/tools“ wird verlassen
make[2]: Verzeichnis „/build/sane/src/sane-backends-1.0.27/testsuite/tools“ wird verlassen
make[2]: Verzeichnis „/build/sane/src/sane-backends-1.0.27/testsuite“ wird betreten
make[3]: Verzeichnis „/build/sane/src/sane-backends-1.0.27/testsuite“ wird betreten
make[3]: Für das Ziel „install-exec-am“ ist nichts zu tun.
make[3]: Für das Ziel „install-data-am“ ist nichts zu tun.
make[3]: Verzeichnis „/build/sane/src/sane-backends-1.0.27/testsuite“ wird verlassen
make[2]: Verzeichnis „/build/sane/src/sane-backends-1.0.27/testsuite“ wird verlassen
make[1]: Verzeichnis „/build/sane/src/sane-backends-1.0.27/testsuite“ wird verlassen
make[1]: Verzeichnis „/build/sane/src/sane-backends-1.0.27“ wird betreten
make[2]: Verzeichnis „/build/sane/src/sane-backends-1.0.27“ wird betreten
make[2]: Für das Ziel „install-exec-am“ ist nichts zu tun.
 /usr/bin/mkdir -p '/build/sane/pkg/sane/usr/share/doc/sane-backends'
 /usr/bin/install -c -m 644 AUTHORS ChangeLog COPYING LICENSE NEWS PROBLEMS PROJECTS README README.aix README.beos README.darwin README.djpeg README.freebsd README.hp-ux README.linux README.netbsd README.openbsd README.os2 README.solaris README.unixware2 README.unixware7 README.windows README.zeta '/build/sane/pkg/sane/usr/share/doc/sane-backends'
make[2]: Verzeichnis „/build/sane/src/sane-backends-1.0.27“ wird verlassen
make[1]: Verzeichnis „/build/sane/src/sane-backends-1.0.27“ wird verlassen
