ninja: Entering directory `build'
[0/1] Installing files.
Installing subdir /build/elogind/src/elogind-235.2/factory/etc to /usr/share/factory
Installing src/login/org.freedesktop.login1.policy to /build/elogind/pkg/elogind/usr/share/polkit-1/actions/org.freedesktop.login1.policy
Installing src/login/elogind-user to /build/elogind/pkg/elogind/etc/pam.d/elogind-user
Installing libelogind.so.0.19.1 to /build/elogind/pkg/elogind/usr/lib/libelogind.so.0.19.1
Installing src/shared/libelogind-shared-235.2.so to /build/elogind/pkg/elogind/usr/lib/elogind/libelogind-shared-235.2.so
Installing elogind to /build/elogind/pkg/elogind/usr/lib/elogind/elogind
Installing loginctl to /build/elogind/pkg/elogind/usr/bin/loginctl
Installing elogind-inhibit to /build/elogind/pkg/elogind/usr/bin/elogind-inhibit
Installing pam_elogind.so to /build/elogind/pkg/elogind/usr/lib/security/pam_elogind.so
Installing elogind-cgroups-agent to /build/elogind/pkg/elogind/usr/lib/elogind/elogind-cgroups-agent
Installing man/elogind.8 to /build/elogind/pkg/elogind/usr/share/man/man8/elogind.8
Installing man/loginctl.1 to /build/elogind/pkg/elogind/usr/share/man/man1/loginctl.1
Installing man/logind.conf.5 to /build/elogind/pkg/elogind/usr/share/man/man5/logind.conf.5
Installing man/pam_elogind.8 to /build/elogind/pkg/elogind/usr/share/man/man8/pam_elogind.8
Installing man/sd-bus.3 to /build/elogind/pkg/elogind/usr/share/man/man3/sd-bus.3
Installing man/sd-event.3 to /build/elogind/pkg/elogind/usr/share/man/man3/sd-event.3
Installing man/sd_booted.3 to /build/elogind/pkg/elogind/usr/share/man/man3/sd_booted.3
Installing man/sd_bus_add_match.3 to /build/elogind/pkg/elogind/usr/share/man/man3/sd_bus_add_match.3
Installing man/sd_bus_creds_get_pid.3 to /build/elogind/pkg/elogind/usr/share/man/man3/sd_bus_creds_get_pid.3
Installing man/sd_bus_creds_get_audit_login_uid.3 to /build/elogind/pkg/elogind/usr/share/man/man3/sd_bus_creds_get_audit_login_uid.3
Installing man/sd_bus_creds_get_audit_session_id.3 to /build/elogind/pkg/elogind/usr/share/man/man3/sd_bus_creds_get_audit_session_id.3
Installing man/sd_bus_creds_get_cgroup.3 to /build/elogind/pkg/elogind/usr/share/man/man3/sd_bus_creds_get_cgroup.3
Installing man/sd_bus_creds_get_cmdline.3 to /build/elogind/pkg/elogind/usr/share/man/man3/sd_bus_creds_get_cmdline.3
Installing man/sd_bus_creds_get_comm.3 to /build/elogind/pkg/elogind/usr/share/man/man3/sd_bus_creds_get_comm.3
Installing man/sd_bus_creds_get_description.3 to /build/elogind/pkg/elogind/usr/share/man/man3/sd_bus_creds_get_description.3
Installing man/sd_bus_creds_get_egid.3 to /build/elogind/pkg/elogind/usr/share/man/man3/sd_bus_creds_get_egid.3
Installing man/sd_bus_creds_get_euid.3 to /build/elogind/pkg/elogind/usr/share/man/man3/sd_bus_creds_get_euid.3
Installing man/sd_bus_creds_get_exe.3 to /build/elogind/pkg/elogind/usr/share/man/man3/sd_bus_creds_get_exe.3
Installing man/sd_bus_creds_get_fsgid.3 to /build/elogind/pkg/elogind/usr/share/man/man3/sd_bus_creds_get_fsgid.3
Installing man/sd_bus_creds_get_fsuid.3 to /build/elogind/pkg/elogind/usr/share/man/man3/sd_bus_creds_get_fsuid.3
Installing man/sd_bus_creds_get_gid.3 to /build/elogind/pkg/elogind/usr/share/man/man3/sd_bus_creds_get_gid.3
Installing man/sd_bus_creds_get_owner_uid.3 to /build/elogind/pkg/elogind/usr/share/man/man3/sd_bus_creds_get_owner_uid.3
Installing man/sd_bus_creds_get_ppid.3 to /build/elogind/pkg/elogind/usr/share/man/man3/sd_bus_creds_get_ppid.3
Installing man/sd_bus_creds_get_selinux_context.3 to /build/elogind/pkg/elogind/usr/share/man/man3/sd_bus_creds_get_selinux_context.3
Installing man/sd_bus_creds_get_session.3 to /build/elogind/pkg/elogind/usr/share/man/man3/sd_bus_creds_get_session.3
Installing man/sd_bus_creds_get_sgid.3 to /build/elogind/pkg/elogind/usr/share/man/man3/sd_bus_creds_get_sgid.3
Installing man/sd_bus_creds_get_slice.3 to /build/elogind/pkg/elogind/usr/share/man/man3/sd_bus_creds_get_slice.3
Installing man/sd_bus_creds_get_suid.3 to /build/elogind/pkg/elogind/usr/share/man/man3/sd_bus_creds_get_suid.3
Installing man/sd_bus_creds_get_supplementary_gids.3 to /build/elogind/pkg/elogind/usr/share/man/man3/sd_bus_creds_get_supplementary_gids.3
Installing man/sd_bus_creds_get_tid.3 to /build/elogind/pkg/elogind/usr/share/man/man3/sd_bus_creds_get_tid.3
Installing man/sd_bus_creds_get_tid_comm.3 to /build/elogind/pkg/elogind/usr/share/man/man3/sd_bus_creds_get_tid_comm.3
Installing man/sd_bus_creds_get_tty.3 to /build/elogind/pkg/elogind/usr/share/man/man3/sd_bus_creds_get_tty.3
Installing man/sd_bus_creds_get_uid.3 to /build/elogind/pkg/elogind/usr/share/man/man3/sd_bus_creds_get_uid.3
Installing man/sd_bus_creds_get_unique_name.3 to /build/elogind/pkg/elogind/usr/share/man/man3/sd_bus_creds_get_unique_name.3
Installing man/sd_bus_creds_get_unit.3 to /build/elogind/pkg/elogind/usr/share/man/man3/sd_bus_creds_get_unit.3
Installing man/sd_bus_creds_get_user_slice.3 to /build/elogind/pkg/elogind/usr/share/man/man3/sd_bus_creds_get_user_slice.3
Installing man/sd_bus_creds_get_user_unit.3 to /build/elogind/pkg/elogind/usr/share/man/man3/sd_bus_creds_get_user_unit.3
Installing man/sd_bus_creds_get_well_known_names.3 to /build/elogind/pkg/elogind/usr/share/man/man3/sd_bus_creds_get_well_known_names.3
Installing man/sd_bus_creds_has_bounding_cap.3 to /build/elogind/pkg/elogind/usr/share/man/man3/sd_bus_creds_has_bounding_cap.3
Installing man/sd_bus_creds_has_effective_cap.3 to /build/elogind/pkg/elogind/usr/share/man/man3/sd_bus_creds_has_effective_cap.3
Installing man/sd_bus_creds_has_inheritable_cap.3 to /build/elogind/pkg/elogind/usr/share/man/man3/sd_bus_creds_has_inheritable_cap.3
Installing man/sd_bus_creds_has_permitted_cap.3 to /build/elogind/pkg/elogind/usr/share/man/man3/sd_bus_creds_has_permitted_cap.3
Installing man/sd_bus_creds_new_from_pid.3 to /build/elogind/pkg/elogind/usr/share/man/man3/sd_bus_creds_new_from_pid.3
Installing man/sd_bus_creds_get_augmented_mask.3 to /build/elogind/pkg/elogind/usr/share/man/man3/sd_bus_creds_get_augmented_mask.3
Installing man/sd_bus_creds_get_mask.3 to /build/elogind/pkg/elogind/usr/share/man/man3/sd_bus_creds_get_mask.3
Installing man/sd_bus_creds_ref.3 to /build/elogind/pkg/elogind/usr/share/man/man3/sd_bus_creds_ref.3
Installing man/sd_bus_creds_unref.3 to /build/elogind/pkg/elogind/usr/share/man/man3/sd_bus_creds_unref.3
Installing man/sd_bus_creds_unrefp.3 to /build/elogind/pkg/elogind/usr/share/man/man3/sd_bus_creds_unrefp.3
Installing man/sd_bus_default.3 to /build/elogind/pkg/elogind/usr/share/man/man3/sd_bus_default.3
Installing man/sd_bus_default_system.3 to /build/elogind/pkg/elogind/usr/share/man/man3/sd_bus_default_system.3
Installing man/sd_bus_default_user.3 to /build/elogind/pkg/elogind/usr/share/man/man3/sd_bus_default_user.3
Installing man/sd_bus_open.3 to /build/elogind/pkg/elogind/usr/share/man/man3/sd_bus_open.3
Installing man/sd_bus_open_system.3 to /build/elogind/pkg/elogind/usr/share/man/man3/sd_bus_open_system.3
Installing man/sd_bus_open_system_machine.3 to /build/elogind/pkg/elogind/usr/share/man/man3/sd_bus_open_system_machine.3
Installing man/sd_bus_open_system_remote.3 to /build/elogind/pkg/elogind/usr/share/man/man3/sd_bus_open_system_remote.3
Installing man/sd_bus_open_user.3 to /build/elogind/pkg/elogind/usr/share/man/man3/sd_bus_open_user.3
Installing man/sd_bus_error.3 to /build/elogind/pkg/elogind/usr/share/man/man3/sd_bus_error.3
Installing man/SD_BUS_ERROR_MAKE_CONST.3 to /build/elogind/pkg/elogind/usr/share/man/man3/SD_BUS_ERROR_MAKE_CONST.3
Installing man/SD_BUS_ERROR_NULL.3 to /build/elogind/pkg/elogind/usr/share/man/man3/SD_BUS_ERROR_NULL.3
Installing man/sd_bus_error_copy.3 to /build/elogind/pkg/elogind/usr/share/man/man3/sd_bus_error_copy.3
Installing man/sd_bus_error_free.3 to /build/elogind/pkg/elogind/usr/share/man/man3/sd_bus_error_free.3
Installing man/sd_bus_error_get_errno.3 to /build/elogind/pkg/elogind/usr/share/man/man3/sd_bus_error_get_errno.3
Installing man/sd_bus_error_has_name.3 to /build/elogind/pkg/elogind/usr/share/man/man3/sd_bus_error_has_name.3
Installing man/sd_bus_error_is_set.3 to /build/elogind/pkg/elogind/usr/share/man/man3/sd_bus_error_is_set.3
Installing man/sd_bus_error_set.3 to /build/elogind/pkg/elogind/usr/share/man/man3/sd_bus_error_set.3
Installing man/sd_bus_error_set_const.3 to /build/elogind/pkg/elogind/usr/share/man/man3/sd_bus_error_set_const.3
Installing man/sd_bus_error_set_errno.3 to /build/elogind/pkg/elogind/usr/share/man/man3/sd_bus_error_set_errno.3
Installing man/sd_bus_error_set_errnof.3 to /build/elogind/pkg/elogind/usr/share/man/man3/sd_bus_error_set_errnof.3
Installing man/sd_bus_error_set_errnofv.3 to /build/elogind/pkg/elogind/usr/share/man/man3/sd_bus_error_set_errnofv.3
Installing man/sd_bus_error_setf.3 to /build/elogind/pkg/elogind/usr/share/man/man3/sd_bus_error_setf.3
Installing man/sd_bus_error_add_map.3 to /build/elogind/pkg/elogind/usr/share/man/man3/sd_bus_error_add_map.3
Installing man/SD_BUS_ERROR_END.3 to /build/elogind/pkg/elogind/usr/share/man/man3/SD_BUS_ERROR_END.3
Installing man/SD_BUS_ERROR_MAP.3 to /build/elogind/pkg/elogind/usr/share/man/man3/SD_BUS_ERROR_MAP.3
Installing man/sd_bus_error_map.3 to /build/elogind/pkg/elogind/usr/share/man/man3/sd_bus_error_map.3
Installing man/sd_bus_get_fd.3 to /build/elogind/pkg/elogind/usr/share/man/man3/sd_bus_get_fd.3
Installing man/sd_bus_message_append.3 to /build/elogind/pkg/elogind/usr/share/man/man3/sd_bus_message_append.3
Installing man/sd_bus_message_appendv.3 to /build/elogind/pkg/elogind/usr/share/man/man3/sd_bus_message_appendv.3
Installing man/sd_bus_message_append_array.3 to /build/elogind/pkg/elogind/usr/share/man/man3/sd_bus_message_append_array.3
Installing man/sd_bus_message_append_array_iovec.3 to /build/elogind/pkg/elogind/usr/share/man/man3/sd_bus_message_append_array_iovec.3
Installing man/sd_bus_message_append_array_memfd.3 to /build/elogind/pkg/elogind/usr/share/man/man3/sd_bus_message_append_array_memfd.3
Installing man/sd_bus_message_append_array_space.3 to /build/elogind/pkg/elogind/usr/share/man/man3/sd_bus_message_append_array_space.3
Installing man/sd_bus_message_append_basic.3 to /build/elogind/pkg/elogind/usr/share/man/man3/sd_bus_message_append_basic.3
Installing man/sd_bus_message_append_strv.3 to /build/elogind/pkg/elogind/usr/share/man/man3/sd_bus_message_append_strv.3
Installing man/sd_bus_message_read_basic.3 to /build/elogind/pkg/elogind/usr/share/man/man3/sd_bus_message_read_basic.3
Installing man/sd_bus_negotiate_fds.3 to /build/elogind/pkg/elogind/usr/share/man/man3/sd_bus_negotiate_fds.3
Installing man/sd_bus_negotiate_creds.3 to /build/elogind/pkg/elogind/usr/share/man/man3/sd_bus_negotiate_creds.3
Installing man/sd_bus_negotiate_timestamp.3 to /build/elogind/pkg/elogind/usr/share/man/man3/sd_bus_negotiate_timestamp.3
Installing man/sd_bus_new.3 to /build/elogind/pkg/elogind/usr/share/man/man3/sd_bus_new.3
Installing man/sd_bus_ref.3 to /build/elogind/pkg/elogind/usr/share/man/man3/sd_bus_ref.3
Installing man/sd_bus_unref.3 to /build/elogind/pkg/elogind/usr/share/man/man3/sd_bus_unref.3
Installing man/sd_bus_unrefp.3 to /build/elogind/pkg/elogind/usr/share/man/man3/sd_bus_unrefp.3
Installing man/sd_bus_process.3 to /build/elogind/pkg/elogind/usr/share/man/man3/sd_bus_process.3
Installing man/sd_bus_request_name.3 to /build/elogind/pkg/elogind/usr/share/man/man3/sd_bus_request_name.3
Installing man/sd_bus_release_name.3 to /build/elogind/pkg/elogind/usr/share/man/man3/sd_bus_release_name.3
Installing man/sd_bus_track_add_name.3 to /build/elogind/pkg/elogind/usr/share/man/man3/sd_bus_track_add_name.3
Installing man/sd_bus_track_add_sender.3 to /build/elogind/pkg/elogind/usr/share/man/man3/sd_bus_track_add_sender.3
Installing man/sd_bus_track_contains.3 to /build/elogind/pkg/elogind/usr/share/man/man3/sd_bus_track_contains.3
Installing man/sd_bus_track_count.3 to /build/elogind/pkg/elogind/usr/share/man/man3/sd_bus_track_count.3
Installing man/sd_bus_track_count_name.3 to /build/elogind/pkg/elogind/usr/share/man/man3/sd_bus_track_count_name.3
Installing man/sd_bus_track_count_sender.3 to /build/elogind/pkg/elogind/usr/share/man/man3/sd_bus_track_count_sender.3
Installing man/sd_bus_track_first.3 to /build/elogind/pkg/elogind/usr/share/man/man3/sd_bus_track_first.3
Installing man/sd_bus_track_next.3 to /build/elogind/pkg/elogind/usr/share/man/man3/sd_bus_track_next.3
Installing man/sd_bus_track_remove_name.3 to /build/elogind/pkg/elogind/usr/share/man/man3/sd_bus_track_remove_name.3
Installing man/sd_bus_track_remove_sender.3 to /build/elogind/pkg/elogind/usr/share/man/man3/sd_bus_track_remove_sender.3
Installing man/sd_bus_track_new.3 to /build/elogind/pkg/elogind/usr/share/man/man3/sd_bus_track_new.3
Installing man/sd_bus_track_get_bus.3 to /build/elogind/pkg/elogind/usr/share/man/man3/sd_bus_track_get_bus.3
Installing man/sd_bus_track_get_recursive.3 to /build/elogind/pkg/elogind/usr/share/man/man3/sd_bus_track_get_recursive.3
Installing man/sd_bus_track_get_userdata.3 to /build/elogind/pkg/elogind/usr/share/man/man3/sd_bus_track_get_userdata.3
Installing man/sd_bus_track_ref.3 to /build/elogind/pkg/elogind/usr/share/man/man3/sd_bus_track_ref.3
Installing man/sd_bus_track_set_recursive.3 to /build/elogind/pkg/elogind/usr/share/man/man3/sd_bus_track_set_recursive.3
Installing man/sd_bus_track_set_userdata.3 to /build/elogind/pkg/elogind/usr/share/man/man3/sd_bus_track_set_userdata.3
Installing man/sd_bus_track_unref.3 to /build/elogind/pkg/elogind/usr/share/man/man3/sd_bus_track_unref.3
Installing man/sd_bus_track_unrefp.3 to /build/elogind/pkg/elogind/usr/share/man/man3/sd_bus_track_unrefp.3
Installing man/sd_event_add_child.3 to /build/elogind/pkg/elogind/usr/share/man/man3/sd_event_add_child.3
Installing man/sd_event_child_handler_t.3 to /build/elogind/pkg/elogind/usr/share/man/man3/sd_event_child_handler_t.3
Installing man/sd_event_source_get_child_pid.3 to /build/elogind/pkg/elogind/usr/share/man/man3/sd_event_source_get_child_pid.3
Installing man/sd_event_add_defer.3 to /build/elogind/pkg/elogind/usr/share/man/man3/sd_event_add_defer.3
Installing man/sd_event_add_exit.3 to /build/elogind/pkg/elogind/usr/share/man/man3/sd_event_add_exit.3
Installing man/sd_event_add_post.3 to /build/elogind/pkg/elogind/usr/share/man/man3/sd_event_add_post.3
Installing man/sd_event_handler_t.3 to /build/elogind/pkg/elogind/usr/share/man/man3/sd_event_handler_t.3
Installing man/sd_event_add_io.3 to /build/elogind/pkg/elogind/usr/share/man/man3/sd_event_add_io.3
Installing man/sd_event_io_handler_t.3 to /build/elogind/pkg/elogind/usr/share/man/man3/sd_event_io_handler_t.3
Installing man/sd_event_source.3 to /build/elogind/pkg/elogind/usr/share/man/man3/sd_event_source.3
Installing man/sd_event_source_get_io_events.3 to /build/elogind/pkg/elogind/usr/share/man/man3/sd_event_source_get_io_events.3
Installing man/sd_event_source_get_io_fd.3 to /build/elogind/pkg/elogind/usr/share/man/man3/sd_event_source_get_io_fd.3
Installing man/sd_event_source_get_io_revents.3 to /build/elogind/pkg/elogind/usr/share/man/man3/sd_event_source_get_io_revents.3
Installing man/sd_event_source_set_io_events.3 to /build/elogind/pkg/elogind/usr/share/man/man3/sd_event_source_set_io_events.3
Installing man/sd_event_source_set_io_fd.3 to /build/elogind/pkg/elogind/usr/share/man/man3/sd_event_source_set_io_fd.3
Installing man/sd_event_add_signal.3 to /build/elogind/pkg/elogind/usr/share/man/man3/sd_event_add_signal.3
Installing man/sd_event_signal_handler_t.3 to /build/elogind/pkg/elogind/usr/share/man/man3/sd_event_signal_handler_t.3
Installing man/sd_event_source_get_signal.3 to /build/elogind/pkg/elogind/usr/share/man/man3/sd_event_source_get_signal.3
Installing man/sd_event_add_time.3 to /build/elogind/pkg/elogind/usr/share/man/man3/sd_event_add_time.3
Installing man/sd_event_source_get_time.3 to /build/elogind/pkg/elogind/usr/share/man/man3/sd_event_source_get_time.3
Installing man/sd_event_source_get_time_accuracy.3 to /build/elogind/pkg/elogind/usr/share/man/man3/sd_event_source_get_time_accuracy.3
Installing man/sd_event_source_get_time_clock.3 to /build/elogind/pkg/elogind/usr/share/man/man3/sd_event_source_get_time_clock.3
Installing man/sd_event_source_set_time.3 to /build/elogind/pkg/elogind/usr/share/man/man3/sd_event_source_set_time.3
Installing man/sd_event_source_set_time_accuracy.3 to /build/elogind/pkg/elogind/usr/share/man/man3/sd_event_source_set_time_accuracy.3
Installing man/sd_event_time_handler_t.3 to /build/elogind/pkg/elogind/usr/share/man/man3/sd_event_time_handler_t.3
Installing man/sd_event_exit.3 to /build/elogind/pkg/elogind/usr/share/man/man3/sd_event_exit.3
Installing man/sd_event_get_exit_code.3 to /build/elogind/pkg/elogind/usr/share/man/man3/sd_event_get_exit_code.3
Installing man/sd_event_new.3 to /build/elogind/pkg/elogind/usr/share/man/man3/sd_event_new.3
Installing man/sd_event.3 to /build/elogind/pkg/elogind/usr/share/man/man3/sd_event.3
Installing man/sd_event_default.3 to /build/elogind/pkg/elogind/usr/share/man/man3/sd_event_default.3
Installing man/sd_event_get_tid.3 to /build/elogind/pkg/elogind/usr/share/man/man3/sd_event_get_tid.3
Installing man/sd_event_ref.3 to /build/elogind/pkg/elogind/usr/share/man/man3/sd_event_ref.3
Installing man/sd_event_unref.3 to /build/elogind/pkg/elogind/usr/share/man/man3/sd_event_unref.3
Installing man/sd_event_unrefp.3 to /build/elogind/pkg/elogind/usr/share/man/man3/sd_event_unrefp.3
Installing man/sd_event_now.3 to /build/elogind/pkg/elogind/usr/share/man/man3/sd_event_now.3
Installing man/sd_event_run.3 to /build/elogind/pkg/elogind/usr/share/man/man3/sd_event_run.3
Installing man/sd_event_loop.3 to /build/elogind/pkg/elogind/usr/share/man/man3/sd_event_loop.3
Installing man/sd_event_set_watchdog.3 to /build/elogind/pkg/elogind/usr/share/man/man3/sd_event_set_watchdog.3
Installing man/sd_event_get_watchdog.3 to /build/elogind/pkg/elogind/usr/share/man/man3/sd_event_get_watchdog.3
Installing man/sd_event_source_get_event.3 to /build/elogind/pkg/elogind/usr/share/man/man3/sd_event_source_get_event.3
Installing man/sd_event_source_get_pending.3 to /build/elogind/pkg/elogind/usr/share/man/man3/sd_event_source_get_pending.3
Installing man/sd_event_source_set_description.3 to /build/elogind/pkg/elogind/usr/share/man/man3/sd_event_source_set_description.3
Installing man/sd_event_source_get_description.3 to /build/elogind/pkg/elogind/usr/share/man/man3/sd_event_source_get_description.3
Installing man/sd_event_source_set_enabled.3 to /build/elogind/pkg/elogind/usr/share/man/man3/sd_event_source_set_enabled.3
Installing man/SD_EVENT_OFF.3 to /build/elogind/pkg/elogind/usr/share/man/man3/SD_EVENT_OFF.3
Installing man/SD_EVENT_ON.3 to /build/elogind/pkg/elogind/usr/share/man/man3/SD_EVENT_ON.3
Installing man/SD_EVENT_ONESHOT.3 to /build/elogind/pkg/elogind/usr/share/man/man3/SD_EVENT_ONESHOT.3
Installing man/sd_event_source_get_enabled.3 to /build/elogind/pkg/elogind/usr/share/man/man3/sd_event_source_get_enabled.3
Installing man/sd_event_source_set_prepare.3 to /build/elogind/pkg/elogind/usr/share/man/man3/sd_event_source_set_prepare.3
Installing man/sd_event_source_set_priority.3 to /build/elogind/pkg/elogind/usr/share/man/man3/sd_event_source_set_priority.3
Installing man/SD_EVENT_PRIORITY_IDLE.3 to /build/elogind/pkg/elogind/usr/share/man/man3/SD_EVENT_PRIORITY_IDLE.3
Installing man/SD_EVENT_PRIORITY_IMPORTANT.3 to /build/elogind/pkg/elogind/usr/share/man/man3/SD_EVENT_PRIORITY_IMPORTANT.3
Installing man/SD_EVENT_PRIORITY_NORMAL.3 to /build/elogind/pkg/elogind/usr/share/man/man3/SD_EVENT_PRIORITY_NORMAL.3
Installing man/sd_event_source_get_priority.3 to /build/elogind/pkg/elogind/usr/share/man/man3/sd_event_source_get_priority.3
Installing man/sd_event_source_set_userdata.3 to /build/elogind/pkg/elogind/usr/share/man/man3/sd_event_source_set_userdata.3
Installing man/sd_event_source_get_userdata.3 to /build/elogind/pkg/elogind/usr/share/man/man3/sd_event_source_get_userdata.3
Installing man/sd_event_source_unref.3 to /build/elogind/pkg/elogind/usr/share/man/man3/sd_event_source_unref.3
Installing man/sd_event_source_ref.3 to /build/elogind/pkg/elogind/usr/share/man/man3/sd_event_source_ref.3
Installing man/sd_event_source_unrefp.3 to /build/elogind/pkg/elogind/usr/share/man/man3/sd_event_source_unrefp.3
Installing man/sd_event_wait.3 to /build/elogind/pkg/elogind/usr/share/man/man3/sd_event_wait.3
Installing man/SD_EVENT_ARMED.3 to /build/elogind/pkg/elogind/usr/share/man/man3/SD_EVENT_ARMED.3
Installing man/SD_EVENT_EXITING.3 to /build/elogind/pkg/elogind/usr/share/man/man3/SD_EVENT_EXITING.3
Installing man/SD_EVENT_FINISHED.3 to /build/elogind/pkg/elogind/usr/share/man/man3/SD_EVENT_FINISHED.3
Installing man/SD_EVENT_INITIAL.3 to /build/elogind/pkg/elogind/usr/share/man/man3/SD_EVENT_INITIAL.3
Installing man/SD_EVENT_PENDING.3 to /build/elogind/pkg/elogind/usr/share/man/man3/SD_EVENT_PENDING.3
Installing man/SD_EVENT_PREPARING.3 to /build/elogind/pkg/elogind/usr/share/man/man3/SD_EVENT_PREPARING.3
Installing man/SD_EVENT_RUNNING.3 to /build/elogind/pkg/elogind/usr/share/man/man3/SD_EVENT_RUNNING.3
Installing man/sd_event_dispatch.3 to /build/elogind/pkg/elogind/usr/share/man/man3/sd_event_dispatch.3
Installing man/sd_event_get_iteration.3 to /build/elogind/pkg/elogind/usr/share/man/man3/sd_event_get_iteration.3
Installing man/sd_event_get_state.3 to /build/elogind/pkg/elogind/usr/share/man/man3/sd_event_get_state.3
Installing man/sd_event_prepare.3 to /build/elogind/pkg/elogind/usr/share/man/man3/sd_event_prepare.3
Installing man/sd_get_seats.3 to /build/elogind/pkg/elogind/usr/share/man/man3/sd_get_seats.3
Installing man/sd_get_machine_names.3 to /build/elogind/pkg/elogind/usr/share/man/man3/sd_get_machine_names.3
Installing man/sd_get_sessions.3 to /build/elogind/pkg/elogind/usr/share/man/man3/sd_get_sessions.3
Installing man/sd_get_uids.3 to /build/elogind/pkg/elogind/usr/share/man/man3/sd_get_uids.3
Installing man/sd_id128_get_machine.3 to /build/elogind/pkg/elogind/usr/share/man/man3/sd_id128_get_machine.3
Installing man/sd_id128_get_boot.3 to /build/elogind/pkg/elogind/usr/share/man/man3/sd_id128_get_boot.3
Installing man/sd_id128_get_invocation.3 to /build/elogind/pkg/elogind/usr/share/man/man3/sd_id128_get_invocation.3
Installing man/sd_id128_get_machine_app_specific.3 to /build/elogind/pkg/elogind/usr/share/man/man3/sd_id128_get_machine_app_specific.3
Installing man/sd_id128_randomize.3 to /build/elogind/pkg/elogind/usr/share/man/man3/sd_id128_randomize.3
Installing man/sd_id128_to_string.3 to /build/elogind/pkg/elogind/usr/share/man/man3/sd_id128_to_string.3
Installing man/sd_id128_from_string.3 to /build/elogind/pkg/elogind/usr/share/man/man3/sd_id128_from_string.3
Installing man/sd_is_fifo.3 to /build/elogind/pkg/elogind/usr/share/man/man3/sd_is_fifo.3
Installing man/sd_is_mq.3 to /build/elogind/pkg/elogind/usr/share/man/man3/sd_is_mq.3
Installing man/sd_is_socket.3 to /build/elogind/pkg/elogind/usr/share/man/man3/sd_is_socket.3
Installing man/sd_is_socket_inet.3 to /build/elogind/pkg/elogind/usr/share/man/man3/sd_is_socket_inet.3
Installing man/sd_is_socket_sockaddr.3 to /build/elogind/pkg/elogind/usr/share/man/man3/sd_is_socket_sockaddr.3
Installing man/sd_is_socket_unix.3 to /build/elogind/pkg/elogind/usr/share/man/man3/sd_is_socket_unix.3
Installing man/sd_is_special.3 to /build/elogind/pkg/elogind/usr/share/man/man3/sd_is_special.3
Installing man/sd_listen_fds.3 to /build/elogind/pkg/elogind/usr/share/man/man3/sd_listen_fds.3
Installing man/SD_LISTEN_FDS_START.3 to /build/elogind/pkg/elogind/usr/share/man/man3/SD_LISTEN_FDS_START.3
Installing man/sd_listen_fds_with_names.3 to /build/elogind/pkg/elogind/usr/share/man/man3/sd_listen_fds_with_names.3
Installing man/sd_login_monitor_new.3 to /build/elogind/pkg/elogind/usr/share/man/man3/sd_login_monitor_new.3
Installing man/sd_login_monitor.3 to /build/elogind/pkg/elogind/usr/share/man/man3/sd_login_monitor.3
Installing man/sd_login_monitor_flush.3 to /build/elogind/pkg/elogind/usr/share/man/man3/sd_login_monitor_flush.3
Installing man/sd_login_monitor_get_events.3 to /build/elogind/pkg/elogind/usr/share/man/man3/sd_login_monitor_get_events.3
Installing man/sd_login_monitor_get_fd.3 to /build/elogind/pkg/elogind/usr/share/man/man3/sd_login_monitor_get_fd.3
Installing man/sd_login_monitor_get_timeout.3 to /build/elogind/pkg/elogind/usr/share/man/man3/sd_login_monitor_get_timeout.3
Installing man/sd_login_monitor_unref.3 to /build/elogind/pkg/elogind/usr/share/man/man3/sd_login_monitor_unref.3
Installing man/sd_login_monitor_unrefp.3 to /build/elogind/pkg/elogind/usr/share/man/man3/sd_login_monitor_unrefp.3
Installing man/sd_machine_get_class.3 to /build/elogind/pkg/elogind/usr/share/man/man3/sd_machine_get_class.3Installing /build/elogind/src/build/po/be.gmo to /build/elogind/pkg/elogind/usr/share/locale/be/LC_MESSAGES/elogind.mo
Installing /build/elogind/src/build/po/be@latin.gmo to /build/elogind/pkg/elogind/usr/share/locale/be@latin/LC_MESSAGES/elogind.mo
Installing /build/elogind/src/build/po/bg.gmo to /build/elogind/pkg/elogind/usr/share/locale/bg/LC_MESSAGES/elogind.mo
Installing /build/elogind/src/build/po/ca.gmo to /build/elogind/pkg/elogind/usr/share/locale/ca/LC_MESSAGES/elogind.mo
Installing /build/elogind/src/build/po/cs.gmo to /build/elogind/pkg/elogind/usr/share/locale/cs/LC_MESSAGES/elogind.mo
Installing /build/elogind/src/build/po/da.gmo to /build/elogind/pkg/elogind/usr/share/locale/da/LC_MESSAGES/elogind.mo
Installing /build/elogind/src/build/po/de.gmo to /build/elogind/pkg/elogind/usr/share/locale/de/LC_MESSAGES/elogind.mo
Installing /build/elogind/src/build/po/el.gmo to /build/elogind/pkg/elogind/usr/share/locale/el/LC_MESSAGES/elogind.mo
Installing /build/elogind/src/build/po/es.gmo to /build/elogind/pkg/elogind/usr/share/locale/es/LC_MESSAGES/elogind.mo
Installing /build/elogind/src/build/po/fr.gmo to /build/elogind/pkg/elogind/usr/share/locale/fr/LC_MESSAGES/elogind.mo
Installing /build/elogind/src/build/po/gl.gmo to /build/elogind/pkg/elogind/usr/share/locale/gl/LC_MESSAGES/elogind.mo
Installing /build/elogind/src/build/po/hr.gmo to /build/elogind/pkg/elogind/usr/share/locale/hr/LC_MESSAGES/elogind.mo
Installing /build/elogind/src/build/po/hu.gmo to /build/elogind/pkg/elogind/usr/share/locale/hu/LC_MESSAGES/elogind.mo
Installing /build/elogind/src/build/po/id.gmo to /build/elogind/pkg/elogind/usr/share/locale/id/LC_MESSAGES/elogind.mo
Installing /build/elogind/src/build/po/it.gmo to /build/elogind/pkg/elogind/usr/share/locale/it/LC_MESSAGES/elogind.mo
Installing /build/elogind/src/build/po/ko.gmo to /build/elogind/pkg/elogind/usr/share/locale/ko/LC_MESSAGES/elogind.mo
Installing /build/elogind/src/build/po/pl.gmo to /build/elogind/pkg/elogind/usr/share/locale/pl/LC_MESSAGES/elogind.mo
Installing /build/elogind/src/build/po/pt_BR.gmo to /build/elogind/pkg/elogind/usr/share/locale/pt_BR/LC_MESSAGES/elogind.mo
Installing /build/elogind/src/build/po/ro.gmo to /build/elogind/pkg/elogind/usr/share/locale/ro/LC_MESSAGES/elogind.mo
Installing /build/elogind/src/build/po/ru.gmo to /build/elogind/pkg/elogind/usr/share/locale/ru/LC_MESSAGES/elogind.mo
Installing /build/elogind/src/build/po/sk.gmo to /build/elogind/pkg/elogind/usr/share/locale/sk/LC_MESSAGES/elogind.mo
Installing /build/elogind/src/build/po/sr.gmo to /build/elogind/pkg/elogind/usr/share/locale/sr/LC_MESSAGES/elogind.mo
Installing /build/elogind/src/build/po/sv.gmo to /build/elogind/pkg/elogind/usr/share/locale/sv/LC_MESSAGES/elogind.mo
Installing /build/elogind/src/build/po/tr.gmo to /build/elogind/pkg/elogind/usr/share/locale/tr/LC_MESSAGES/elogind.mo
Installing /build/elogind/src/build/po/uk.gmo to /build/elogind/pkg/elogind/usr/share/locale/uk/LC_MESSAGES/elogind.mo
Installing /build/elogind/src/build/po/zh_CN.gmo to /build/elogind/pkg/elogind/usr/share/locale/zh_CN/LC_MESSAGES/elogind.mo
Installing /build/elogind/src/build/po/zh_TW.gmo to /build/elogind/pkg/elogind/usr/share/locale/zh_TW/LC_MESSAGES/elogind.mo
'/build/elogind/pkg/elogind//usr/include/elogind/sd-bus.h' -> 'systemd/sd-bus.h'
'/build/elogind/pkg/elogind//usr/include/elogind/sd-bus-protocol.h' -> 'systemd/sd-bus-protocol.h'
'/build/elogind/pkg/elogind//usr/include/elogind/sd-bus-vtable.h' -> 'systemd/sd-bus-vtable.h'
'/build/elogind/pkg/elogind//usr/include/elogind/sd-daemon.h' -> 'systemd/sd-daemon.h'
'/build/elogind/pkg/elogind//usr/include/elogind/sd-event.h' -> 'systemd/sd-event.h'
'/build/elogind/pkg/elogind//usr/include/elogind/sd-id128.h' -> 'systemd/sd-id128.h'
'/build/elogind/pkg/elogind//usr/include/elogind/sd-login.h' -> 'systemd/sd-login.h'
'/build/elogind/pkg/elogind//usr/include/elogind/sd-messages.h' -> 'systemd/sd-messages.h'
'/build/elogind/pkg/elogind//usr/include/elogind/_sd-common.h' -> 'systemd/_sd-common.h'

Installing man/sd_machine_get_ifindices.3 to /build/elogind/pkg/elogind/usr/share/man/man3/sd_machine_get_ifindices.3
Installing man/sd_notify.3 to /build/elogind/pkg/elogind/usr/share/man/man3/sd_notify.3
Installing man/sd_notifyf.3 to /build/elogind/pkg/elogind/usr/share/man/man3/sd_notifyf.3
Installing man/sd_pid_notify.3 to /build/elogind/pkg/elogind/usr/share/man/man3/sd_pid_notify.3
Installing man/sd_pid_notify_with_fds.3 to /build/elogind/pkg/elogind/usr/share/man/man3/sd_pid_notify_with_fds.3
Installing man/sd_pid_notifyf.3 to /build/elogind/pkg/elogind/usr/share/man/man3/sd_pid_notifyf.3
Installing man/sd_pid_get_session.3 to /build/elogind/pkg/elogind/usr/share/man/man3/sd_pid_get_session.3
Installing man/sd_peer_get_cgroup.3 to /build/elogind/pkg/elogind/usr/share/man/man3/sd_peer_get_cgroup.3
Installing man/sd_peer_get_machine_name.3 to /build/elogind/pkg/elogind/usr/share/man/man3/sd_peer_get_machine_name.3
Installing man/sd_peer_get_owner_uid.3 to /build/elogind/pkg/elogind/usr/share/man/man3/sd_peer_get_owner_uid.3
Installing man/sd_peer_get_session.3 to /build/elogind/pkg/elogind/usr/share/man/man3/sd_peer_get_session.3
Installing man/sd_peer_get_slice.3 to /build/elogind/pkg/elogind/usr/share/man/man3/sd_peer_get_slice.3
Installing man/sd_peer_get_unit.3 to /build/elogind/pkg/elogind/usr/share/man/man3/sd_peer_get_unit.3
Installing man/sd_peer_get_user_slice.3 to /build/elogind/pkg/elogind/usr/share/man/man3/sd_peer_get_user_slice.3
Installing man/sd_peer_get_user_unit.3 to /build/elogind/pkg/elogind/usr/share/man/man3/sd_peer_get_user_unit.3
Installing man/sd_pid_get_cgroup.3 to /build/elogind/pkg/elogind/usr/share/man/man3/sd_pid_get_cgroup.3
Installing man/sd_pid_get_machine_name.3 to /build/elogind/pkg/elogind/usr/share/man/man3/sd_pid_get_machine_name.3
Installing man/sd_pid_get_owner_uid.3 to /build/elogind/pkg/elogind/usr/share/man/man3/sd_pid_get_owner_uid.3
Installing man/sd_pid_get_slice.3 to /build/elogind/pkg/elogind/usr/share/man/man3/sd_pid_get_slice.3
Installing man/sd_pid_get_unit.3 to /build/elogind/pkg/elogind/usr/share/man/man3/sd_pid_get_unit.3
Installing man/sd_pid_get_user_slice.3 to /build/elogind/pkg/elogind/usr/share/man/man3/sd_pid_get_user_slice.3
Installing man/sd_pid_get_user_unit.3 to /build/elogind/pkg/elogind/usr/share/man/man3/sd_pid_get_user_unit.3
Installing man/sd_seat_get_active.3 to /build/elogind/pkg/elogind/usr/share/man/man3/sd_seat_get_active.3
Installing man/sd_seat_can_graphical.3 to /build/elogind/pkg/elogind/usr/share/man/man3/sd_seat_can_graphical.3
Installing man/sd_seat_can_multi_session.3 to /build/elogind/pkg/elogind/usr/share/man/man3/sd_seat_can_multi_session.3
Installing man/sd_seat_can_tty.3 to /build/elogind/pkg/elogind/usr/share/man/man3/sd_seat_can_tty.3
Installing man/sd_seat_get_sessions.3 to /build/elogind/pkg/elogind/usr/share/man/man3/sd_seat_get_sessions.3
Installing man/sd_session_is_active.3 to /build/elogind/pkg/elogind/usr/share/man/man3/sd_session_is_active.3
Installing man/sd_session_get_class.3 to /build/elogind/pkg/elogind/usr/share/man/man3/sd_session_get_class.3
Installing man/sd_session_get_desktop.3 to /build/elogind/pkg/elogind/usr/share/man/man3/sd_session_get_desktop.3
Installing man/sd_session_get_display.3 to /build/elogind/pkg/elogind/usr/share/man/man3/sd_session_get_display.3
Installing man/sd_session_get_remote_host.3 to /build/elogind/pkg/elogind/usr/share/man/man3/sd_session_get_remote_host.3
Installing man/sd_session_get_remote_user.3 to /build/elogind/pkg/elogind/usr/share/man/man3/sd_session_get_remote_user.3
Installing man/sd_session_get_seat.3 to /build/elogind/pkg/elogind/usr/share/man/man3/sd_session_get_seat.3
Installing man/sd_session_get_service.3 to /build/elogind/pkg/elogind/usr/share/man/man3/sd_session_get_service.3
Installing man/sd_session_get_state.3 to /build/elogind/pkg/elogind/usr/share/man/man3/sd_session_get_state.3
Installing man/sd_session_get_tty.3 to /build/elogind/pkg/elogind/usr/share/man/man3/sd_session_get_tty.3
Installing man/sd_session_get_type.3 to /build/elogind/pkg/elogind/usr/share/man/man3/sd_session_get_type.3
Installing man/sd_session_get_uid.3 to /build/elogind/pkg/elogind/usr/share/man/man3/sd_session_get_uid.3
Installing man/sd_session_get_vt.3 to /build/elogind/pkg/elogind/usr/share/man/man3/sd_session_get_vt.3
Installing man/sd_session_is_remote.3 to /build/elogind/pkg/elogind/usr/share/man/man3/sd_session_is_remote.3
Installing man/sd_uid_get_state.3 to /build/elogind/pkg/elogind/usr/share/man/man3/sd_uid_get_state.3
Installing man/sd_uid_get_display.3 to /build/elogind/pkg/elogind/usr/share/man/man3/sd_uid_get_display.3
Installing man/sd_uid_get_seats.3 to /build/elogind/pkg/elogind/usr/share/man/man3/sd_uid_get_seats.3
Installing man/sd_uid_get_sessions.3 to /build/elogind/pkg/elogind/usr/share/man/man3/sd_uid_get_sessions.3
Installing man/sd_uid_is_on_seat.3 to /build/elogind/pkg/elogind/usr/share/man/man3/sd_uid_is_on_seat.3
Installing man/sd_watchdog_enabled.3 to /build/elogind/pkg/elogind/usr/share/man/man3/sd_watchdog_enabled.3
Installing sd-bus.h to /build/elogind/pkg/elogind/usr/include/elogind/systemd
Installing sd-bus-protocol.h to /build/elogind/pkg/elogind/usr/include/elogind/systemd
Installing sd-bus-vtable.h to /build/elogind/pkg/elogind/usr/include/elogind/systemd
Installing sd-daemon.h to /build/elogind/pkg/elogind/usr/include/elogind/systemd
Installing sd-event.h to /build/elogind/pkg/elogind/usr/include/elogind/systemd
Installing sd-id128.h to /build/elogind/pkg/elogind/usr/include/elogind/systemd
Installing sd-login.h to /build/elogind/pkg/elogind/usr/include/elogind/systemd
Installing sd-messages.h to /build/elogind/pkg/elogind/usr/include/elogind/systemd
Installing _sd-common.h to /build/elogind/pkg/elogind/usr/include/elogind/systemd
Installing /build/elogind/src/build/src/libelogind/libelogind.pc to /build/elogind/pkg/elogind/usr/lib/pkgconfig
Installing /build/elogind/src/build/src/login/logind.conf to /build/elogind/pkg/elogind/etc/elogind
Installing /build/elogind/src/elogind-235.2/src/login/org.freedesktop.login1.conf to /build/elogind/pkg/elogind/usr/share/dbus-1/system.d
Installing /build/elogind/src/build/src/login/org.freedesktop.login1.service to /build/elogind/pkg/elogind/usr/share/dbus-1/system-services
Installing /build/elogind/src/elogind-235.2/src/login/70-power-switch.rules to /build/elogind/pkg/elogind/usr/lib/udev/rules.d
Installing /build/elogind/src/elogind-235.2/src/login/70-uaccess.rules to /build/elogind/pkg/elogind/usr/lib/udev/rules.d
Installing /build/elogind/src/build/src/login/71-seat.rules to /build/elogind/pkg/elogind/usr/lib/udev/rules.d
Installing /build/elogind/src/build/src/login/73-seat-late.rules to /build/elogind/pkg/elogind/usr/lib/udev/rules.d
Installing /build/elogind/src/elogind-235.2/shell-completion/bash/loginctl to /build/elogind/pkg/elogind/usr/share/bash-completion/completions
Installing /build/elogind/src/elogind-235.2/shell-completion/zsh/_loginctl to /build/elogind/pkg/elogind/usr/share/zsh/site-functions
Installing /build/elogind/src/elogind-235.2/README to /build/elogind/pkg/elogind/usr/share/doc/elogind-235.2
Installing /build/elogind/src/elogind-235.2/NEWS to /build/elogind/pkg/elogind/usr/share/doc/elogind-235.2
Installing /build/elogind/src/elogind-235.2/CODING_STYLE to /build/elogind/pkg/elogind/usr/share/doc/elogind-235.2
Installing /build/elogind/src/elogind-235.2/LICENSE.GPL2 to /build/elogind/pkg/elogind/usr/share/doc/elogind-235.2
Installing /build/elogind/src/elogind-235.2/LICENSE.LGPL2.1 to /build/elogind/pkg/elogind/usr/share/doc/elogind-235.2
Installing /build/elogind/src/elogind-235.2/src/libelogind/sd-bus/GVARIANT-SERIALIZATION to /build/elogind/pkg/elogind/usr/share/doc/elogind-235.2
Running custom install script '/usr/bin/python /usr/bin/meson --internal gettext install --subdir=po --localedir=share/locale --pkgname=elogind'
Running custom install script '/build/elogind/src/elogind-235.2/tools/meson-symlink_headers.sh /usr/include sd-bus.h sd-bus-protocol.h sd-bus-vtable.h sd-daemon.h sd-event.h sd-id128.h sd-login.h sd-messages.h _sd-common.h'
Running custom install script '/usr/bin/sh -c mkdir -p $DESTDIR//var/lib/elogind'
Running custom install script '/usr/bin/sh -c touch $DESTDIR/usr'
renamed '/build/elogind/pkg/elogind/usr/lib/pkgconfig' -> '/build/elogind/src/_libelogind/pkgconfig'
renamed '/build/elogind/pkg/elogind/usr/include/' -> '/build/elogind/src/_libelogind/include'
renamed '/build/elogind/pkg/elogind/usr/lib/libelogind.so' -> '/build/elogind/src/_libelogind/libelogind.so'
renamed '/build/elogind/pkg/elogind/usr/lib/libelogind.so.0' -> '/build/elogind/src/_libelogind/libelogind.so.0'
renamed '/build/elogind/pkg/elogind/usr/lib/libelogind.so.0.19.1' -> '/build/elogind/src/_libelogind/libelogind.so.0.19.1'
