+ exec meson setup --prefix /usr --libdir /usr/lib --libexecdir /usr/lib --bindir /usr/bin --sbindir /usr/bin --includedir /usr/include --datadir /usr/share --mandir /usr/share/man --infodir /usr/share/info --localedir /usr/share/locale --sysconfdir /etc --localstatedir /var --sharedstatedir /var/lib --buildtype release --warnlevel 2 --wrap-mode nofallback elogind-235.2 build -Drootlibdir=/usr/lib -Drootlibexecdir=/usr/lib/elogind -Ddbuspolicydir=/usr/share/dbus-1/system.d -Ddefault-hierarchy=hybrid -Dcgroup-controller=openrc -D b_lto=true
The Meson build system
Version: 0.44.0
Source dir: /build/elogind/src/elogind-235.2
Build dir: /build/elogind/src/build
Build type: native build
Project name: elogind
Native C compiler: cc (gcc 7.2.1)
Appending CFLAGS from environment: '-march=x86-64 -mtune=generic -O2 -pipe -fstack-protector-strong -fno-plt'
Appending LDFLAGS from environment: '-Wl,-O1,--sort-common,--as-needed,-z,relro,-z,now'
Appending CPPFLAGS from environment: '-D_FORTIFY_SOURCE=2'
Build machine cpu family: x86_64
Build machine cpu: x86_64
Program tools/meson-check-compilation.sh found: YES (/build/elogind/src/elogind-235.2/tools/meson-check-compilation.sh)
Program c++ found: YES (/usr/bin/c++)
Native C++ compiler: c++ (gcc 7.2.1)
Appending CXXFLAGS from environment: '-march=x86-64 -mtune=generic -O2 -pipe -fstack-protector-strong -fno-plt'
Appending LDFLAGS from environment: '-Wl,-O1,--sort-common,--as-needed,-z,relro,-z,now'
Appending CPPFLAGS from environment: '-D_FORTIFY_SOURCE=2'
Compiler for C supports argument -Wextra: YES
Compiler for C supports argument -Werror=undef: YES
Compiler for C supports argument -Wlogical-op: YES
Compiler for C supports argument -Wmissing-include-dirs: YES
Compiler for C supports argument -Wold-style-definition: YES
Compiler for C supports argument -Wpointer-arith: YES
Compiler for C supports argument -Winit-self: YES
Compiler for C supports argument -Wdeclaration-after-statement: YES
Compiler for C supports argument -Wfloat-equal: YES
Compiler for C supports argument -Wsuggest-attribute=noreturn: YES
Compiler for C supports argument -Werror=missing-prototypes: YES
Compiler for C supports argument -Werror=implicit-function-declaration: YES
Compiler for C supports argument -Werror=missing-declarations: YES
Compiler for C supports argument -Werror=return-type: YES
Compiler for C supports argument -Werror=incompatible-pointer-types: YES
Compiler for C supports argument -Werror=format=2: YES
Compiler for C supports argument -Wstrict-prototypes: YES
Compiler for C supports argument -Wredundant-decls: YES
Compiler for C supports argument -Wmissing-noreturn: YES
Compiler for C supports argument -Wshadow: YES
Compiler for C supports argument -Wendif-labels: YES
Compiler for C supports argument -Wstrict-aliasing=2: YES
Compiler for C supports argument -Wwrite-strings: YES
Compiler for C supports argument -Werror=overflow: YES
Compiler for C supports argument -Wdate-time: YES
Compiler for C supports argument -Wnested-externs: YES
Compiler for C supports argument -ffast-math: YES
Compiler for C supports argument -fno-common: YES
Compiler for C supports argument -fdiagnostics-show-option: YES
Compiler for C supports argument -fno-strict-aliasing: YES
Compiler for C supports argument -fvisibility=hidden: YES
Compiler for C supports argument -fstack-protector: YES
Compiler for C supports argument -fstack-protector-strong: YES
Compiler for C supports argument -fPIE: YES
Compiler for C supports argument --param=ssp-buffer-size=4: YES
Compiler for C supports argument -Wunused-parameter: YES
Compiler for C supports argument -Wmissing-field-initializers: YES
Compiler for C supports argument -Wunused-result: YES
Compiler for C supports argument -Wformat-signedness: YES
Compiler for C supports argument -Werror=nonnull: YES
Checking if "-Werror=shadow with local shadowing" compiles: YES
Message: Linking with -Wl,-z,relro supported: yes
Message: Linking with -Wl,-z,now supported: yes
Message: Linking with -pie supported: yes
Compiler for C supports argument -ffunction-sections: YES
Compiler for C supports argument -fdata-sections: YES
Message: Linking with -Wl,--gc-sections supported: yes
Checking for size of "pid_t": 4
Checking for size of "uid_t": 4
Checking for size of "gid_t": 4
Checking for size of "dev_t": 8
Checking for size of "ino_t": 8
Checking for size of "time_t": 8
Checking for size of "rlim_t": 8
Checking for size of "char16_t": 2
Checking for size of "char32_t": 4
Checking for size of "key_serial_t": -1
Checking for size of "struct ethtool_link_settings": 48
Checking for size of "struct fib_rule_uid_range": 8
Header <linux/if_link.h> has symbol "IFLA_INET6_ADDR_GEN_MODE": YES
Header <linux/if_link.h> has symbol "IN6_ADDR_GEN_MODE_STABLE_PRIVACY": YES
Header <linux/if_link.h> has symbol "IFLA_VRF_TABLE": YES
Header <linux/if_link.h> has symbol "IFLA_MACVLAN_FLAGS": YES
Header <linux/if_link.h> has symbol "IFLA_IPVLAN_MODE": YES
Header <linux/if_link.h> has symbol "IFLA_PHYS_PORT_ID": YES
Header <linux/if_link.h> has symbol "IFLA_BOND_AD_INFO": YES
Header <linux/if_link.h> has symbol "IFLA_VLAN_PROTOCOL": YES
Header <linux/if_link.h> has symbol "IFLA_VXLAN_REMCSUM_NOPARTIAL": YES
Header <linux/if_link.h> has symbol "IFLA_VXLAN_GPE": YES
Header <linux/if_link.h> has symbol "IFLA_GENEVE_LABEL": YES
Header <linux/if_tunnel.h> has symbol "IFLA_VTI_REMOTE": YES
Header <linux/if_tunnel.h> has symbol "IFLA_IPTUN_ENCAP_DPORT": YES
Header <linux/if_tunnel.h> has symbol "IFLA_GRE_ENCAP_DPORT": YES
Header <linux/if_bridge.h> has symbol "IFLA_BRIDGE_VLAN_INFO": YES
Header <linux/if_link.h> has symbol "IFLA_BRPORT_PROXYARP": YES
Header <linux/if_link.h> has symbol "IFLA_BRPORT_LEARNING_SYNC": YES
Header <linux/if_link.h> has symbol "IFLA_BR_VLAN_DEFAULT_PVID": YES
Header <linux/neighbour.h> has symbol "NDA_IFINDEX": YES
Header <linux/if_addr.h> has symbol "IFA_FLAGS": YES
Header <linux/fib_rules.h> has symbol "FRA_UID_RANGE": YES
Header <linux/loop.h> has symbol "LO_FLAGS_PARTSCAN": YES
Checking for function "secure_getenv": YES
Checking for function "__secure_getenv": NO
Checking for function "memfd_create": NO
Checking for function "gettid": NO
Checking for function "pivot_root": NO
Checking for function "name_to_handle_at": YES
Checking for function "setns": YES
Checking for function "renameat2": NO
Checking for function "kcmp": NO
Checking for function "keyctl": NO
Checking for function "copy_file_range": NO
Checking for function "bpf": NO
Checking for function "explicit_bzero": YES
Checking for function "getrandom": YES
Program sed found: YES (/usr/bin/sed)
Program grep found: YES (/usr/bin/grep)
Program awk found: YES (/usr/bin/awk)
Program m4 found: YES (/usr/bin/m4)
Program stat found: YES (/usr/bin/stat)
Program git found: NO
Program nonexistingprogram found: NO
Program kexec found: NO
Program /usr/sbin/kexec found: NO
Program /sbin/kexec found: NO
Program nonexistingprogram found: NO
Program reboot found: NO
Program /usr/sbin/reboot found: NO
Program /sbin/reboot found: NO
Program nonexistingprogram found: NO
Program halt found: NO
Program /usr/sbin/halt found: NO
Program /sbin/halt found: NO
Program nonexistingprogram found: NO
Program gperf found: YES (/usr/bin/gperf)
Message: gperf len type is size_t
Has header "sys/capability.h": YES
Has header "linux/btrfs.h": YES
Has header "linux/memfd.h": YES
Has header "linux/vm_sockets.h": YES
Has header "sys/auxv.h": YES
Has header "valgrind/memcheck.h": NO
Has header "valgrind/valgrind.h": NO
Program tools/meson-get-cg-controller.sh found: YES (/build/elogind/src/elogind-235.2/tools/meson-get-cg-controller.sh)
Message: maximum system UID is 999
Message: maximum system GID is 999
Dependency threads found: YES
Library rt found: YES
Library m found: YES
Library dl found: YES
Library crypt found: YES
Found pkg-config: /usr/bin/pkg-config (0.29.2)
Native dependency libcap found: YES 2.25
Dependency libselinux found: NO
Native dependency polkit-gobject-1 found: YES 0.114
Library acl found: YES
Dependency audit found: NO
Library pam found: YES
Library pam_misc found: YES
Native dependency glib-2.0 found: YES 2.54.3
Native dependency gobject-2.0 found: YES 2.54.3
Native dependency gio-2.0 found: YES 2.54.3
Native dependency dbus-1 found: YES 1.12.2
Configuring config.h using configuration
Program intltool-merge found: YES (/usr/bin/intltool-merge)
Program /build/elogind/src/elogind-235.2/tools/meson-symlink_headers.sh found: YES (/build/elogind/src/elogind-235.2/tools/meson-symlink_headers.sh)
Program c++ found: YES (/usr/bin/c++)
Program generate-gperfs.py found: YES (/build/elogind/src/elogind-235.2/src/basic/generate-gperfs.py)
Program generate-cap-list.sh found: YES (/build/elogind/src/elogind-235.2/src/basic/generate-cap-list.sh)
Program generate-errno-list.sh found: YES (/build/elogind/src/elogind-235.2/src/basic/generate-errno-list.sh)
Configuring libelogind.pc using configuration
Configuring logind.conf using configuration
Configuring org.freedesktop.login1.service using configuration
Configuring 71-seat.rules using configuration
Configuring 73-seat-late.rules using configuration
Native dependency libudev found: YES 220
Program generate-sym-test.py found: YES (/build/elogind/src/elogind-235.2/src/test/generate-sym-test.py)
Message: test-ipcrm is an unsafe test
Message: test-cgroup is a manual test
Message: test-inhibit is a manual test
Program tools/make-directive-index.py found: YES (/build/elogind/src/elogind-235.2/tools/make-directive-index.py)
Program tools/make-man-index.py found: YES (/build/elogind/src/elogind-235.2/tools/make-man-index.py)
Program tools/xml_helper.py found: YES (/build/elogind/src/elogind-235.2/tools/xml_helper.py)
Program xsltproc found: YES (/usr/bin/xsltproc)
Message: python-lxml not available, not making man page indices
Dependency bash-completion found: NO
Message: bash completions: /usr/share/bash-completion/completions
Message: zsh completions: /usr/share/zsh/site-functions
Program sh found: YES (/usr/bin/sh)
Program tools/meson-check-help.sh found: YES (/build/elogind/src/elogind-235.2/tools/meson-check-help.sh)
Message: elogind 235.2
         prefix:                            /usr
         rootprefix:                        /usr
         sysconf dir:                       /etc
         includedir:                        /usr/include
         lib dir:                           /usr/lib
         rootlib dir:                       /usr/lib
         rootexeclib dir:                   /usr/lib/elogind
         PAM modules dir:                   /usr/lib/security
         PAM configuration dir:             /etc/pam.d
         D-Bus policy dir:                  /usr/share/dbus-1/system.d
         D-Bus session dir:                 /usr/share/dbus-1/services
         D-Bus system dir:                  /usr/share/dbus-1/system-services
         bash completions dir:              /usr/share/bash-completion/completions
         zsh completions dir:               /usr/share/zsh/site-functions
         TTY GID:                           5
         maximum system UID:                999
         maximum system GID:                999
         default KillUserProcesses setting: true
         
         enabled features: PAM, SMACK, ACL, polkit, dbus, glib, man pages, utmp
         
         disabled features: AUDIT, SELinux, legacy pkla, html pages, man page indices, debug elogind, debug hashmap, debug mmap cache
         
Build targets in project: 407
Found ninja-1.8.2 at /usr/bin/ninja
ninja: Entering directory `build'
[1/527] Generating logind_gperf.c with a custom command.
[2/527] Compiling C object 'src/libelogind/elogind@sta/sd-bus_bus-bloom.c.o'.
[3/527] Compiling C object 'src/libelogind/elogind@sta/sd-bus_bus-common-errors.c.o'.
[4/527] Compiling C object 'src/libelogind/elogind@sta/sd-bus_bus-kernel.c.o'.
[5/527] Compiling C object 'src/libelogind/elogind@sta/sd-bus_bus-introspect.c.o'.
[6/527] Compiling C object 'src/libelogind/elogind@sta/sd-bus_bus-container.c.o'.
[7/527] Compiling C object 'src/libelogind/elogind@sta/sd-bus_bus-control.c.o'.
[8/527] Compiling C object 'src/libelogind/elogind@sta/sd-bus_bus-convenience.c.o'.
[9/527] Compiling C object 'src/libelogind/elogind@sta/sd-bus_bus-gvariant.c.o'.
[10/527] Compiling C object 'src/libelogind/elogind@sta/sd-bus_bus-error.c.o'.
[11/527] Compiling C object 'src/libelogind/elogind@sta/sd-bus_bus-internal.c.o'.
[12/527] Compiling C object 'src/libelogind/elogind@sta/sd-bus_bus-creds.c.o'.
[13/527] Generating cap-list.txt with a meson_exe.py custom command.
[14/527] Generating errno-list.txt with a meson_exe.py custom command.
[15/527] Compiling C object 'src/libelogind/elogind@sta/sd-bus_bus-slot.c.o'.
[16/527] Compiling C object 'src/libelogind/elogind@sta/sd-bus_bus-match.c.o'.
[17/527] Compiling C object 'src/libelogind/elogind@sta/sd-bus_bus-signature.c.o'.
[18/527] Compiling C object 'src/libelogind/elogind@sta/sd-bus_bus-type.c.o'.
[19/527] Compiling C object 'src/libelogind/elogind@sta/sd-bus_bus-track.c.o'.
[20/527] Compiling C object 'src/libelogind/elogind@sta/sd-daemon_sd-daemon.c.o'.
[21/527] Compiling C object 'src/libelogind/elogind@sta/sd-bus_bus-objects.c.o'.
[22/527] Generating cap-to-name.h with a meson_exe.py custom command.
[23/527] Compiling C object 'src/libelogind/elogind@sta/sd-bus_bus-socket.c.o'.
[24/527] Generating errno-to-name.h with a meson_exe.py custom command.
[25/527] Compiling C object 'src/libelogind/elogind@sta/sd-id128_id128-util.c.o'.
[26/527] Generating cap-from-name.gperf with a meson_exe.py custom command.
[27/527] Generating errno-from-name.gperf with a meson_exe.py custom command.
[28/527] Compiling C object 'src/login/logind-core@sta/logind-device.c.o'.
[29/527] Compiling C object 'src/libelogind/elogind@sta/sd-id128_sd-id128.c.o'.
[30/527] Compiling C object 'src/libelogind/elogind@sta/sd-event_sd-event.c.o'.
[31/527] Compiling C object 'src/login/logind-core@sta/logind-core.c.o'.
[32/527] Compiling C object 'src/libelogind/elogind@sta/sd-login_sd-login.c.o'.
[33/527] Compiling C object 'src/libelogind/elogind@sta/sd-bus_sd-bus.c.o'.
[34/527] Compiling C object 'src/login/logind-core@sta/logind-button.c.o'.
[35/527] Compiling C object 'src/login/logind-core@sta/logind-session-device.c.o'.
[36/527] Generating cap-from-name.h with a meson_exe.py custom command.
[37/527] Compiling C object 'src/login/logind-core@sta/logind-action.c.o'.
[38/527] Compiling C object 'src/libelogind/elogind@sta/sd-bus_bus-message.c.o'.
[39/527] Compiling C object 'src/login/logind-core@sta/logind-seat.c.o'.
[40/527] Compiling C object 'src/login/logind-core@sta/logind-session.c.o'.
[41/527] Generating errno-from-name.h with a meson_exe.py custom command.
[42/527] Linking static target src/libelogind/libelogind.a.
[43/527] Compiling C object 'src/login/logind-core@sta/logind-inhibit.c.o'.
[44/527] Compiling C object 'src/login/logind-core@sta/logind-user.c.o'.
[45/527] Compiling C object 'src/login/logind-core@sta/logind-seat-dbus.c.o'.
[46/527] Compiling C object 'src/basic/basic@sta/gunicode.c.o'.
[47/527] Compiling C object 'src/login/logind-core@sta/logind-user-dbus.c.o'.
[48/527] Compiling C object 'src/login/logind-core@sta/logind-utmp.c.o'.
[49/527] Compiling C object 'src/login/logind-core@sta/logind-session-dbus.c.o'.
[50/527] Compiling C object 'src/basic/basic@sta/bus-label.c.o'.
[51/527] Compiling C object 'src/login/logind-core@sta/elogind-dbus.c.o'.
[52/527] Compiling C object 'src/basic/basic@sta/capability-util.c.o'.
[53/527] Compiling C object 'src/basic/basic@sta/fs-util.c.o'.
[54/527] Compiling C object 'src/basic/basic@sta/audit-util.c.o'.
[55/527] Compiling C object 'src/basic/basic@sta/alloc-util.c.o'.
[56/527] Compiling C object 'src/basic/basic@sta/cap-list.c.o'.
[57/527] Compiling C object 'src/login/logind-core@sta/logind-dbus.c.o'.
[58/527] Compiling C object 'src/basic/basic@sta/conf-files.c.o'.
[59/527] Compiling C object 'src/basic/basic@sta/copy.c.o'.
[60/527] Compiling C object 'src/basic/basic@sta/dirent-util.c.o'.
[61/527] Compiling C object 'src/basic/basic@sta/env-util.c.o'.
[62/527] Compiling C object 'src/basic/basic@sta/errno-list.c.o'.
[63/527] Compiling C object 'src/basic/basic@sta/extract-word.c.o'.
[64/527] Compiling C object 'src/basic/basic@sta/fileio-label.c.o'.
[65/527] Compiling C object 'src/basic/basic@sta/escape.c.o'.
[66/527] Compiling C object 'src/basic/basic@sta/exec-util.c.o'.
[67/527] Compiling C object 'src/basic/basic@sta/cgroup-util.c.o'.
[68/527] Compiling C object 'src/basic/basic@sta/hash-funcs.c.o'.
[69/527] Compiling C object 'src/basic/basic@sta/fd-util.c.o'.
[70/527] Compiling C object 'src/basic/basic@sta/mkdir.c.o'.
[71/527] Compiling C object 'src/basic/basic@sta/mempool.c.o'.
[72/527] Compiling C object 'src/basic/basic@sta/hostname-util.c.o'.
[73/527] Compiling C object 'src/basic/basic@sta/io-util.c.o'.
[74/527] Compiling C object 'src/basic/basic@sta/fileio.c.o'.
[75/527] Compiling C object 'src/basic/basic@sta/parse-printf-format.c.o'.
[76/527] Compiling C object 'src/basic/basic@sta/label.c.o'.
[77/527] Compiling C object 'src/basic/basic@sta/login-util.c.o'.
[78/527] Compiling C object 'src/basic/basic@sta/memfd-util.c.o'.
[79/527] Compiling C object 'src/basic/basic@sta/hexdecoct.c.o'.
[80/527] Compiling C object 'src/basic/basic@sta/locale-util.c.o'.
[81/527] Compiling C object 'src/basic/basic@sta/mkdir-label.c.o'.
[82/527] Compiling C object 'src/basic/basic@sta/hashmap.c.o'.
[83/527] Compiling C object 'src/basic/basic@sta/khash.c.o'.
[84/527] Compiling C object 'src/basic/basic@sta/siphash24.c.o'.
[85/527] Compiling C object 'src/basic/basic@sta/parse-util.c.o'.
[86/527] Compiling C object 'src/basic/basic@sta/mount-util.c.o'.
[87/527] Compiling C object 'src/basic/basic@sta/log.c.o'.
[88/527] Compiling C object 'src/basic/basic@sta/selinux-util.c.o'.
[89/527] Compiling C object 'src/basic/basic@sta/proc-cmdline.c.o'.
[90/527] Compiling C object 'src/basic/basic@sta/signal-util.c.o'.
[91/527] Compiling C object 'src/basic/basic@sta/prioq.c.o'.
[92/527] Compiling C object 'src/basic/basic@sta/process-util.c.o'.
[93/527] Compiling C object 'src/basic/basic@sta/path-util.c.o'.
[94/527] Compiling C object 'src/basic/basic@sta/random-util.c.o'.
[95/527] Compiling C object 'src/basic/basic@sta/set.c.o'.
[96/527] Compiling C object 'src/basic/basic@sta/virt.c.o'.
[97/527] Compiling C object 'src/basic/basic@sta/string-table.c.o'.
[98/527] Compiling C object 'src/basic/basic@sta/rm-rf.c.o'.
[99/527] Compiling C object 'src/basic/basic@sta/smack-util.c.o'.
[100/527] Compiling C object 'src/basic/basic@sta/utf8.c.o'.
[101/527] Compiling C object 'src/basic/basic@sta/syslog-util.c.o'.
[102/527] Compiling C object 'src/basic/basic@sta/socket-util.c.o'.
[103/527] Compiling C object 'src/basic/basic@sta/strv.c.o'.
[104/527] Compiling C object 'src/basic/basic@sta/stat-util.c.o'.
[105/527] Compiling C object 'src/basic/basic@sta/unit-name.c.o'.
[106/527] Compiling C object 'src/basic/basic@sta/verbs.c.o'.
[107/527] Compiling C object 'src/basic/basic@sta/string-util.c.o'.
[108/527] Compiling C object 'src/basic/basic@sta/time-util.c.o'.
[109/527] Compiling C object 'src/shared/elogind-shared-235.2@sha/.._basic_siphash24.c.o'.
[110/527] Compiling C object 'src/basic/basic@sta/user-util.c.o'.
[111/527] Compiling C object 'src/basic/basic@sta/xattr-util.c.o'.
[112/527] Compiling C object 'src/shared/elogind-shared-235.2@sha/.._basic_rm-rf.c.o'.
[113/527] Compiling C object 'src/login/logind-core@sta/.._core_mount-setup.c.o'.
[114/527] Compiling C object 'src/login/logind-core@sta/.._core_cgroup.c.o'.
[115/527] Compiling C object 'src/basic/basic@sta/util.c.o'.
[116/527] Compiling C object 'src/login/logind-core@sta/.._sleep_sleep.c.o'.
[117/527] Compiling C object 'src/basic/basic@sta/terminal-util.c.o'.
[118/527] Compiling C object 'src/login/logind-core@sta/.._update-utmp_update-utmp.c.o'.
[119/527] Compiling C object 'src/shared/elogind-shared-235.2@sha/.._basic_proc-cmdline.c.o'.
[120/527] Compiling C object 'src/login/logind-core@sta/logind-acl.c.o'.
[121/527] Linking static target src/basic/libbasic.a.
[122/527] Compiling C object 'elogind@sha/src_libelogind_sd-bus_bus-common-errors.c.o'.
[123/527] Linking static target src/login/liblogind-core.a.
[124/527] Compiling C object 'elogind@sha/src_libelogind_sd-bus_bus-bloom.c.o'.
[125/527] Compiling C object 'src/shared/elogind-shared-235.2@sta/conf-parser.c.o'.
[126/527] Compiling C object 'elogind@sha/src_libelogind_sd-bus_bus-container.c.o'.
[127/527] Compiling C object 'elogind@sha/src_libelogind_sd-bus_bus-convenience.c.o'.
[128/527] Generating elogind-user with a meson_exe.py custom command.
[129/527] Compiling C object 'src/shared/elogind-shared-235.2@sha/bus-util.c.o'.
[130/527] Compiling C object 'elogind@sha/src_libelogind_sd-bus_bus-gvariant.c.o'.
[131/527] Compiling C object 'elogind@sha/src_libelogind_sd-bus_bus-control.c.o'.
[132/527] Compiling C object 'elogind@sha/src_libelogind_sd-bus_bus-error.c.o'.
[133/527] Compiling C object 'elogind@sha/src_libelogind_sd-bus_bus-internal.c.o'.
[134/527] Generating org.freedesktop.login1.policy with a custom command.
Generating and caching the translation database
Merging translations into src/login/org.freedesktop.login1.policy.
CREATED src/login/org.freedesktop.login1.policy
[135/527] Compiling C object 'elogind@sha/src_libelogind_sd-bus_bus-creds.c.o'.
[136/527] Compiling C object 'elogind@sha/src_libelogind_sd-bus_bus-introspect.c.o'.
[137/527] Compiling C object 'elogind@sha/src_libelogind_sd-bus_bus-kernel.c.o'.
[138/527] Compiling C object 'elogind@sha/src_libelogind_sd-bus_bus-signature.c.o'.
[139/527] Compiling C object 'elogind@sha/src_libelogind_sd-bus_bus-type.c.o'.
[140/527] Compiling C object 'elogind@sha/src_libelogind_sd-bus_bus-slot.c.o'.
[141/527] Compiling C object 'elogind@sha/src_libelogind_sd-bus_bus-match.c.o'.
[142/527] Compiling C object 'elogind@sha/src_libelogind_sd-bus_bus-track.c.o'.
[143/527] Compiling C object 'elogind@sha/src_libelogind_sd-daemon_sd-daemon.c.o'.
[144/527] Compiling C object 'elogind@sha/src_libelogind_sd-id128_sd-id128.c.o'.
[145/527] Compiling C object 'elogind@sha/src_libelogind_sd-id128_id128-util.c.o'.
[146/527] Compiling C object 'elogind@sha/src_libelogind_sd-bus_bus-socket.c.o'.
[147/527] Compiling C object 'src/shared/elogind-shared-235.2@sha/nsflags.c.o'.
[148/527] Compiling C object 'src/shared/elogind-shared-235.2@sha/pager.c.o'.
[149/527] Compiling C object 'src/shared/elogind-shared-235.2@sha/musl_missing.c.o'.
[150/527] Compiling C object 'src/shared/elogind-shared-235.2@sha/conf-parser.c.o'.
[151/527] Compiling C object 'elogind@sha/src_libelogind_sd-bus_bus-objects.c.o'.
[152/527] Compiling C object 'src/shared/elogind-shared-235.2@sha/clean-ipc.c.o'.
[153/527] Compiling C object 'src/shared/elogind-shared-235.2@sha/udev-util.c.o'.
[154/527] Compiling C object 'src/shared/elogind-shared-235.2@sha/acl-util.c.o'.
[155/527] Compiling C object 'elogind@sha/src_libelogind_sd-event_sd-event.c.o'.
[156/527] Compiling C object 'elogind@sha/src_libelogind_sd-login_sd-login.c.o'.
[157/527] Compiling C object 'src/shared/elogind-shared-235.2@sha/.._basic_errno-list.c.o'.
[158/527] Compiling C object 'src/shared/elogind-shared-235.2@sha/spawn-polkit-agent.c.o'.
[159/527] Compiling C object 'src/shared/elogind-shared-235.2@sha/sleep-config.c.o'.
[160/527] Compiling C object 'src/shared/elogind-shared-235.2@sha/.._basic_conf-files.c.o'.
[161/527] Compiling C object 'elogind@sha/src_libelogind_sd-bus_sd-bus.c.o'.
[162/527] Compiling C object 'src/shared/elogind-shared-235.2@sha/.._basic_bus-label.c.o'.
[163/527] Compiling C object 'src/shared/elogind-shared-235.2@sha/.._basic_alloc-util.c.o'.
[164/527] Compiling C object 'src/shared/elogind-shared-235.2@sha/.._basic_capability-util.c.o'.
[165/527] Compiling C object 'src/shared/elogind-shared-235.2@sha/utmp-wtmp.c.o'.
[166/527] Compiling C object 'src/shared/elogind-shared-235.2@sha/.._basic_audit-util.c.o'.
[167/527] Compiling C object 'src/shared/elogind-shared-235.2@sha/.._basic_escape.c.o'.
[168/527] Compiling C object 'src/shared/elogind-shared-235.2@sha/.._basic_dirent-util.c.o'.
[169/527] Compiling C object 'src/shared/elogind-shared-235.2@sha/.._basic_copy.c.o'.
[170/527] Compiling C object 'src/shared/elogind-shared-235.2@sha/.._basic_cap-list.c.o'.
[171/527] Compiling C object 'src/shared/elogind-shared-235.2@sha/.._basic_extract-word.c.o'.
[172/527] Compiling C object 'src/shared/elogind-shared-235.2@sha/.._basic_fd-util.c.o'.
[173/527] Compiling C object 'src/shared/elogind-shared-235.2@sha/.._basic_gunicode.c.o'.
[174/527] Compiling C object 'src/shared/elogind-shared-235.2@sha/.._basic_fileio-label.c.o'.
[175/527] Compiling C object 'src/shared/elogind-shared-235.2@sha/.._basic_env-util.c.o'.
[176/527] Compiling C object 'elogind@sha/src_libelogind_sd-bus_bus-message.c.o'.
[177/527] Compiling C object 'src/shared/elogind-shared-235.2@sha/.._basic_cgroup-util.c.o'.
[178/527] Compiling C object 'src/shared/elogind-shared-235.2@sha/.._basic_exec-util.c.o'.
[179/527] Compiling C object 'src/shared/elogind-shared-235.2@sha/.._basic_io-util.c.o'.
[180/527] Compiling C object 'src/shared/elogind-shared-235.2@sha/.._basic_hash-funcs.c.o'.
[181/527] Compiling C object 'src/shared/elogind-shared-235.2@sha/.._basic_hostname-util.c.o'.
[182/527] Compiling C object 'src/shared/elogind-shared-235.2@sha/.._basic_label.c.o'.
[183/527] Compiling C object 'src/shared/elogind-shared-235.2@sha/.._basic_fs-util.c.o'.
[184/527] Compiling C object 'src/shared/elogind-shared-235.2@sha/.._basic_hexdecoct.c.o'.
[185/527] Compiling C object 'src/shared/elogind-shared-235.2@sha/.._basic_khash.c.o'.
[186/527] Compiling C object 'src/shared/elogind-shared-235.2@sha/.._basic_log.c.o'.
[187/527] Compiling C object 'src/shared/elogind-shared-235.2@sha/.._basic_login-util.c.o'.
[188/527] Compiling C object 'src/shared/elogind-shared-235.2@sha/.._basic_mkdir-label.c.o'.
[189/527] Compiling C object 'src/shared/elogind-shared-235.2@sha/.._basic_hashmap.c.o'.
[190/527] Compiling C object 'src/shared/elogind-shared-235.2@sha/.._basic_fileio.c.o'.
[191/527] Compiling C object 'src/shared/elogind-shared-235.2@sha/.._basic_memfd-util.c.o'.
[192/527] Compiling C object 'src/shared/elogind-shared-235.2@sha/.._basic_parse-util.c.o'.
[193/527] Compiling C object 'src/shared/elogind-shared-235.2@sha/.._basic_parse-printf-format.c.o'.
[194/527] Compiling C object 'src/shared/elogind-shared-235.2@sha/.._basic_process-util.c.o'.
[195/527] Compiling C object 'src/shared/elogind-shared-235.2@sha/.._basic_mkdir.c.o'.
[196/527] Compiling C object 'src/shared/elogind-shared-235.2@sha/.._basic_locale-util.c.o'.
[197/527] Compiling C object 'src/shared/elogind-shared-235.2@sha/.._basic_mempool.c.o'.
[198/527] Compiling C object 'src/shared/elogind-shared-235.2@sha/.._basic_mount-util.c.o'.
[199/527] Compiling C object 'src/shared/elogind-shared-235.2@sha/.._basic_selinux-util.c.o'.
[200/527] Compiling C object 'src/shared/elogind-shared-235.2@sha/.._basic_prioq.c.o'.
[201/527] Compiling C object 'src/shared/elogind-shared-235.2@sha/.._basic_set.c.o'.
[202/527] Compiling C object 'src/shared/elogind-shared-235.2@sha/.._basic_path-util.c.o'.
[203/527] Compiling C object 'src/shared/elogind-shared-235.2@sha/.._basic_stat-util.c.o'.
[204/527] Compiling C object 'src/shared/elogind-shared-235.2@sha/.._basic_random-util.c.o'.
[205/527] Compiling C object 'src/shared/elogind-shared-235.2@sha/.._basic_signal-util.c.o'.
[206/527] Compiling C object 'src/shared/elogind-shared-235.2@sha/.._basic_smack-util.c.o'.
[207/527] Compiling C object 'src/shared/elogind-shared-235.2@sha/.._basic_string-table.c.o'.
[208/527] Compiling C object 'src/shared/elogind-shared-235.2@sha/.._basic_syslog-util.c.o'.
[209/527] Compiling C object 'src/shared/elogind-shared-235.2@sha/.._basic_socket-util.c.o'.
[210/527] Compiling C object 'src/shared/elogind-shared-235.2@sha/.._basic_strv.c.o'.
[211/527] Compiling C object 'src/shared/elogind-shared-235.2@sha/.._basic_user-util.c.o'.
[212/527] Compiling C object 'src/shared/elogind-shared-235.2@sha/.._basic_terminal-util.c.o'.
[213/527] Compiling C object 'src/shared/elogind-shared-235.2@sha/.._basic_string-util.c.o'.
[214/527] Compiling C object 'src/shared/elogind-shared-235.2@sha/.._basic_virt.c.o'.
[215/527] Compiling C object 'src/shared/elogind-shared-235.2@sha/.._basic_verbs.c.o'.
[216/527] Compiling C object 'src/shared/elogind-shared-235.2@sha/.._basic_unit-name.c.o'.
[217/527] Compiling C object 'src/shared/elogind-shared-235.2@sha/.._basic_time-util.c.o'.
[218/527] Compiling C object 'src/shared/elogind-shared-235.2@sha/.._libelogind_sd-bus_bus-bloom.c.o'.
[219/527] Compiling C object 'loginctl@exe/src_login_loginctl.c.o'.
[220/527] Compiling C object 'src/shared/elogind-shared-235.2@sha/.._basic_utf8.c.o'.
[221/527] Compiling C object 'src/shared/elogind-shared-235.2@sha/.._libelogind_sd-bus_bus-common-errors.c.o'.
[222/527] Compiling C object 'src/shared/elogind-shared-235.2@sha/.._basic_xattr-util.c.o'.
[223/527] Compiling C object 'src/shared/elogind-shared-235.2@sha/.._libelogind_sd-bus_bus-container.c.o'.
[224/527] Compiling C object 'src/shared/elogind-shared-235.2@sta/.._libelogind_sd-login_sd-login.c.o'.
[225/527] Compiling C object 'src/shared/elogind-shared-235.2@sha/.._libelogind_sd-bus_bus-gvariant.c.o'.
[226/527] Compiling C object 'src/shared/elogind-shared-235.2@sha/.._basic_util.c.o'.
[227/527] Compiling C object 'src/shared/elogind-shared-235.2@sha/.._libelogind_sd-bus_bus-internal.c.o'.
[228/527] Compiling C object 'src/shared/elogind-shared-235.2@sha/.._libelogind_sd-bus_bus-control.c.o'.
[229/527] Compiling C object 'src/shared/elogind-shared-235.2@sha/.._libelogind_sd-bus_bus-signature.c.o'.
[230/527] Compiling C object 'src/shared/elogind-shared-235.2@sha/.._libelogind_sd-bus_bus-convenience.c.o'.
[231/527] Compiling C object 'src/shared/elogind-shared-235.2@sha/.._libelogind_sd-bus_bus-error.c.o'.
[232/527] Compiling C object 'src/shared/elogind-shared-235.2@sha/.._libelogind_sd-bus_bus-introspect.c.o'.
[233/527] Compiling C object 'src/shared/elogind-shared-235.2@sha/.._libelogind_sd-bus_bus-creds.c.o'.
[234/527] Compiling C object 'src/shared/elogind-shared-235.2@sta/.._basic_extract-word.c.o'.
[235/527] Compiling C object 'src/shared/elogind-shared-235.2@sta/.._basic_env-util.c.o'.
[236/527] Compiling C object 'src/shared/elogind-shared-235.2@sha/.._libelogind_sd-bus_bus-slot.c.o'.
[237/527] Compiling C object 'src/shared/elogind-shared-235.2@sha/.._libelogind_sd-bus_bus-kernel.c.o'.
[238/527] Compiling C object 'src/shared/elogind-shared-235.2@sha/.._libelogind_sd-bus_bus-match.c.o'.
[239/527] Compiling C object 'src/shared/elogind-shared-235.2@sha/.._libelogind_sd-bus_bus-type.c.o'.
[240/527] Compiling C object 'src/shared/elogind-shared-235.2@sha/.._libelogind_sd-bus_bus-socket.c.o'.
[241/527] Compiling C object 'src/shared/elogind-shared-235.2@sha/.._libelogind_sd-bus_bus-track.c.o'.
[242/527] Compiling C object 'src/shared/elogind-shared-235.2@sha/.._libelogind_sd-daemon_sd-daemon.c.o'.
[243/527] Compiling C object 'src/shared/elogind-shared-235.2@sha/.._libelogind_sd-bus_bus-objects.c.o'.
[244/527] Compiling C object 'src/shared/elogind-shared-235.2@sha/.._libelogind_sd-id128_id128-util.c.o'.
[245/527] Compiling C object 'src/shared/elogind-shared-235.2@sha/.._libelogind_sd-id128_sd-id128.c.o'.
[246/527] Compiling C object 'src/shared/elogind-shared-235.2@sta/acl-util.c.o'.
[247/527] Compiling C object 'src/shared/elogind-shared-235.2@sta/clean-ipc.c.o'.
[248/527] Compiling C object 'src/shared/elogind-shared-235.2@sta/utmp-wtmp.c.o'.
[249/527] Compiling C object 'src/shared/elogind-shared-235.2@sta/spawn-polkit-agent.c.o'.
[250/527] Compiling C object 'src/shared/elogind-shared-235.2@sta/pager.c.o'.
[251/527] Compiling C object 'src/shared/elogind-shared-235.2@sta/udev-util.c.o'.
[252/527] Compiling C object 'src/shared/elogind-shared-235.2@sha/.._libelogind_sd-login_sd-login.c.o'.
[253/527] Compiling C object 'src/shared/elogind-shared-235.2@sta/sleep-config.c.o'.
[254/527] Compiling C object 'src/shared/elogind-shared-235.2@sta/musl_missing.c.o'.
[255/527] Compiling C object 'src/shared/elogind-shared-235.2@sha/.._libelogind_sd-bus_bus-message.c.o'.
[256/527] Compiling C object 'src/shared/elogind-shared-235.2@sha/.._libelogind_sd-bus_sd-bus.c.o'.
[257/527] Compiling C object 'src/shared/elogind-shared-235.2@sha/.._libelogind_sd-event_sd-event.c.o'.
[258/527] Compiling C object 'src/shared/elogind-shared-235.2@sta/.._basic_alloc-util.c.o'.
[259/527] Compiling C object 'src/shared/elogind-shared-235.2@sta/nsflags.c.o'.
[260/527] Compiling C object 'src/shared/elogind-shared-235.2@sta/.._basic_audit-util.c.o'.
[261/527] Compiling C object 'src/shared/elogind-shared-235.2@sta/bus-util.c.o'.
[262/527] Compiling C object 'src/shared/elogind-shared-235.2@sta/.._basic_capability-util.c.o'.
[263/527] Compiling C object 'src/shared/elogind-shared-235.2@sta/.._basic_bus-label.c.o'.
[264/527] Compiling C object 'src/shared/elogind-shared-235.2@sta/.._basic_copy.c.o'.
[265/527] Compiling C object 'src/shared/elogind-shared-235.2@sta/.._basic_cap-list.c.o'.
[266/527] Compiling C object 'src/shared/elogind-shared-235.2@sta/.._basic_dirent-util.c.o'.
[267/527] Compiling C object 'src/shared/elogind-shared-235.2@sta/.._basic_errno-list.c.o'.
[268/527] Compiling C object 'src/shared/elogind-shared-235.2@sta/.._basic_conf-files.c.o'.
[269/527] Compiling C object 'src/shared/elogind-shared-235.2@sta/.._basic_escape.c.o'.
[270/527] Compiling C object 'src/shared/elogind-shared-235.2@sta/.._basic_fileio-label.c.o'.
[271/527] Compiling C object 'src/shared/elogind-shared-235.2@sta/.._basic_gunicode.c.o'.
[272/527] Compiling C object 'src/shared/elogind-shared-235.2@sta/.._basic_fd-util.c.o'.
[273/527] Compiling C object 'src/shared/elogind-shared-235.2@sta/.._basic_exec-util.c.o'.
[274/527] Compiling C object 'src/shared/elogind-shared-235.2@sta/.._basic_io-util.c.o'.
[275/527] Compiling C object 'src/shared/elogind-shared-235.2@sta/.._basic_fs-util.c.o'.
[276/527] Compiling C object 'src/shared/elogind-shared-235.2@sta/.._basic_hash-funcs.c.o'.
[277/527] Compiling C object 'src/shared/elogind-shared-235.2@sta/.._basic_cgroup-util.c.o'.
[278/527] Compiling C object 'src/shared/elogind-shared-235.2@sta/.._basic_fileio.c.o'.
[279/527] Compiling C object 'src/shared/elogind-shared-235.2@sta/.._basic_hexdecoct.c.o'.
[280/527] Compiling C object 'src/shared/elogind-shared-235.2@sta/.._basic_khash.c.o'.
[281/527] Compiling C object 'src/shared/elogind-shared-235.2@sta/.._basic_hostname-util.c.o'.
[282/527] Compiling C object 'src/shared/elogind-shared-235.2@sta/.._basic_locale-util.c.o'.
[283/527] Compiling C object 'src/shared/elogind-shared-235.2@sta/.._basic_login-util.c.o'.
[284/527] Compiling C object 'src/shared/elogind-shared-235.2@sta/.._basic_parse-printf-format.c.o'.
[285/527] Compiling C object 'src/shared/elogind-shared-235.2@sta/.._basic_hashmap.c.o'.
[286/527] Compiling C object 'src/shared/elogind-shared-235.2@sta/.._basic_label.c.o'.
[287/527] Compiling C object 'src/shared/elogind-shared-235.2@sta/.._basic_log.c.o'.
[288/527] Compiling C object 'src/shared/elogind-shared-235.2@sta/.._basic_mkdir-label.c.o'.
[289/527] Compiling C object 'src/shared/elogind-shared-235.2@sta/.._basic_proc-cmdline.c.o'.
[290/527] Compiling C object 'src/shared/elogind-shared-235.2@sta/.._basic_path-util.c.o'.
[291/527] Compiling C object 'src/shared/elogind-shared-235.2@sta/.._basic_mempool.c.o'.
[292/527] Compiling C object 'src/shared/elogind-shared-235.2@sta/.._basic_mount-util.c.o'.
[293/527] Compiling C object 'src/shared/elogind-shared-235.2@sta/.._basic_parse-util.c.o'.
[294/527] Compiling C object 'src/shared/elogind-shared-235.2@sta/.._basic_mkdir.c.o'.
[295/527] Compiling C object 'src/shared/elogind-shared-235.2@sta/.._basic_memfd-util.c.o'.
[296/527] Compiling C object 'src/shared/elogind-shared-235.2@sta/.._basic_random-util.c.o'.
[297/527] Compiling C object 'src/shared/elogind-shared-235.2@sta/.._basic_stat-util.c.o'.
[298/527] Compiling C object 'src/shared/elogind-shared-235.2@sta/.._basic_process-util.c.o'.
[299/527] Compiling C object 'src/shared/elogind-shared-235.2@sta/.._basic_prioq.c.o'.
[300/527] Compiling C object 'src/shared/elogind-shared-235.2@sta/.._basic_smack-util.c.o'.
[301/527] Compiling C object 'src/shared/elogind-shared-235.2@sta/.._basic_selinux-util.c.o'.
[302/527] Compiling C object 'src/shared/elogind-shared-235.2@sta/.._basic_signal-util.c.o'.
[303/527] Compiling C object 'src/shared/elogind-shared-235.2@sta/.._basic_set.c.o'.
[304/527] Compiling C object 'src/shared/elogind-shared-235.2@sta/.._basic_string-util.c.o'.
[305/527] Compiling C object 'src/shared/elogind-shared-235.2@sta/.._basic_rm-rf.c.o'.
[306/527] Compiling C object 'src/shared/elogind-shared-235.2@sta/.._basic_syslog-util.c.o'.
[307/527] Compiling C object 'src/shared/elogind-shared-235.2@sta/.._basic_siphash24.c.o'.
[308/527] Compiling C object 'src/shared/elogind-shared-235.2@sta/.._basic_socket-util.c.o'.
[309/527] Compiling C object 'src/shared/elogind-shared-235.2@sta/.._basic_virt.c.o'.
[310/527] Compiling C object 'src/shared/elogind-shared-235.2@sta/.._basic_string-table.c.o'.
[311/527] Compiling C object 'src/shared/elogind-shared-235.2@sta/.._basic_strv.c.o'.
[312/527] Compiling C object 'src/shared/elogind-shared-235.2@sta/.._basic_user-util.c.o'.
[313/527] Compiling C object 'src/shared/elogind-shared-235.2@sta/.._basic_unit-name.c.o'.
[314/527] Compiling C object 'src/shared/elogind-shared-235.2@sta/.._basic_time-util.c.o'.
[315/527] Compiling C object 'src/shared/elogind-shared-235.2@sta/.._basic_terminal-util.c.o'.
[316/527] Compiling C object 'src/shared/elogind-shared-235.2@sta/.._basic_utf8.c.o'.
[317/527] Compiling C object 'src/shared/elogind-shared-235.2@sta/.._basic_xattr-util.c.o'.
[318/527] Compiling C object 'src/shared/elogind-shared-235.2@sta/.._basic_util.c.o'.
[319/527] Compiling C object 'src/shared/elogind-shared-235.2@sta/.._libelogind_sd-bus_bus-common-errors.c.o'.
[320/527] Compiling C object 'src/shared/elogind-shared-235.2@sta/.._basic_verbs.c.o'.
[321/527] Compiling C object 'src/shared/elogind-shared-235.2@sta/.._libelogind_sd-bus_bus-bloom.c.o'.
[322/527] Compiling C object 'src/shared/elogind-shared-235.2@sta/.._libelogind_sd-bus_bus-container.c.o'.
[323/527] Compiling C object 'src/shared/elogind-shared-235.2@sta/.._libelogind_sd-bus_bus-convenience.c.o'.
[324/527] Compiling C object 'src/shared/elogind-shared-235.2@sta/.._libelogind_sd-bus_bus-internal.c.o'.
[325/527] Compiling C object 'src/shared/elogind-shared-235.2@sta/.._libelogind_sd-bus_bus-control.c.o'.
[326/527] Compiling C object 'src/shared/elogind-shared-235.2@sta/.._libelogind_sd-bus_bus-error.c.o'.
[327/527] Compiling C object 'src/shared/elogind-shared-235.2@sta/.._libelogind_sd-bus_bus-gvariant.c.o'.
[328/527] Compiling C object 'src/shared/elogind-shared-235.2@sta/.._libelogind_sd-bus_bus-creds.c.o'.
[329/527] Compiling C object 'src/shared/elogind-shared-235.2@sta/.._libelogind_sd-bus_bus-introspect.c.o'.
[330/527] Compiling C object 'src/shared/elogind-shared-235.2@sta/.._libelogind_sd-id128_id128-util.c.o'.
[331/527] Compiling C object 'src/shared/elogind-shared-235.2@sta/.._libelogind_sd-daemon_sd-daemon.c.o'.
[332/527] Compiling C object 'src/shared/elogind-shared-235.2@sta/.._libelogind_sd-bus_bus-kernel.c.o'.
[333/527] Compiling C object 'src/shared/elogind-shared-235.2@sta/.._libelogind_sd-bus_bus-match.c.o'.
[334/527] Compiling C object 'src/shared/elogind-shared-235.2@sta/.._libelogind_sd-bus_bus-type.c.o'.
[335/527] Compiling C object 'src/shared/elogind-shared-235.2@sta/.._libelogind_sd-bus_bus-slot.c.o'.
[336/527] Compiling C object 'src/shared/elogind-shared-235.2@sta/.._libelogind_sd-bus_bus-signature.c.o'.
[337/527] Compiling C object 'src/shared/elogind-shared-235.2@sta/.._libelogind_sd-bus_bus-objects.c.o'.
[338/527] Compiling C object 'src/shared/elogind-shared-235.2@sta/.._libelogind_sd-bus_bus-socket.c.o'.
[339/527] Compiling C object 'src/shared/elogind-shared-235.2@sta/.._libelogind_sd-id128_sd-id128.c.o'.
[340/527] Compiling C object 'src/shared/elogind-shared-235.2@sta/.._libelogind_sd-bus_bus-track.c.o'.
[341/527] Compiling C object 'elogind@exe/meson-generated_.._src_login_logind-gperf.c.o'.
[342/527] Compiling C object 'elogind@exe/src_login_elogind.c.o'.
[343/527] Compiling C object 'loginctl@exe/src_login_sysfs-show.c.o'.
[344/527] Compiling C object 'elogind@exe/src_login_logind.c.o'.
[345/527] Compiling C object 'src/shared/elogind-shared-235.2@sta/.._libelogind_sd-bus_bus-message.c.o'.
[346/527] Compiling C object 'test-dlopen@exe/src_test_test-dlopen.c.o'.
[347/527] Compiling C object 'src/shared/elogind-shared-235.2@sta/.._libelogind_sd-event_sd-event.c.o'.
[348/527] Generating test-hashmap-ordered.c with a meson_exe.py custom command.
[349/527] Generating test-libelogind-sym.c with a meson_exe.py custom command.
[350/527] Compiling C object 'elogind-inhibit@exe/src_login_inhibit.c.o'.
[351/527] Compiling C object 'loginctl@exe/src_login_eloginctl.c.o'.
[352/527] Compiling C object 'elogind-cgroups-agent@exe/src_cgroups-agent_cgroups-agent.c.o'.
[353/527] Compiling C object 'test-utf8@exe/src_test_test-utf8.c.o'.
[354/527] Compiling C object 'pam_elogind@sha/src_login_pam_elogind.c.o'.
[355/527] Compiling C object 'test-locale-util@exe/src_test_test-locale-util.c.o'.
[356/527] Compiling C object 'src/shared/elogind-shared-235.2@sta/.._libelogind_sd-bus_sd-bus.c.o'.
[357/527] Linking static target src/shared/libelogind-shared-235.2.a.
[358/527] Compiling C object 'test-random-util@exe/src_test_test-random-util.c.o'.
[359/527] Compiling C object 'test-copy@exe/src_test_test-copy.c.o'.
[360/527] Linking target test-dlopen.
[361/527] Compiling C object 'test-alloc-util@exe/src_test_test-alloc-util.c.o'.
[362/527] Compiling C object 'test-fs-util@exe/src_test_test-fs-util.c.o'.
[363/527] Compiling C object 'test-util@exe/src_test_test-util.c.o'.
[364/527] Compiling C object 'test-hexdecoct@exe/src_test_test-hexdecoct.c.o'.
[365/527] Compiling C object 'test-io-util@exe/src_test_test-io-util.c.o'.
[366/527] Compiling C object 'test-exec-util@exe/src_test_test-exec-util.c.o'.
[367/527] Compiling C object 'test-user-util@exe/src_test_test-user-util.c.o'.
[368/527] Compiling C object 'test-proc-cmdline@exe/src_test_test-proc-cmdline.c.o'.
[369/527] Compiling C object 'test-fd-util@exe/src_test_test-fd-util.c.o'.
[370/527] Compiling C object 'test-stat-util@exe/src_test_test-stat-util.c.o'.
[371/527] Compiling C object 'test-escape@exe/src_test_test-escape.c.o'.
[372/527] Compiling C object 'test-parse-util@exe/src_test_test-parse-util.c.o'.
[373/527] Compiling C object 'test-string-util@exe/src_test_test-string-util.c.o'.
[374/527] Compiling C object 'test-signal-util@exe/src_test_test-signal-util.c.o'.
[375/527] Compiling C object 'test-extract-word@exe/src_test_test-extract-word.c.o'.
[376/527] Compiling C object 'test-verbs@exe/src_test_test-verbs.c.o'.
[377/527] Compiling C object 'test-sizeof@exe/src_test_test-sizeof.c.o'.
[378/527] Compiling C object 'test-hashmap@exe/src_test_test-hashmap.c.o'.
[379/527] Linking target test-copy.
[380/527] Compiling C object 'test-process-util@exe/src_test_test-process-util.c.o'.
[381/527] Compiling C object 'test-selinux@exe/src_test_test-selinux.c.o'.
[382/527] Compiling C object 'test-set@exe/src_test_test-set.c.o'.
[383/527] Compiling C object 'test-list@exe/src_test_test-list.c.o'.
[384/527] Compiling C object 'test-hashmap@exe/src_test_test-hashmap-plain.c.o'.
[385/527] Compiling C object 'test-unaligned@exe/src_test_test-unaligned.c.o'.
[386/527] Linking target test-sizeof.
[387/527] Compiling C object 'test-hashmap@exe/meson-generated_.._src_test_test-hashmap-ordered.c.o'.
[388/527] Compiling C object 'test-log@exe/src_test_test-log.c.o'.
[389/527] Compiling C object 'test-ipcrm@exe/src_test_test-ipcrm.c.o'.
[390/527] Linking target elogind-cgroups-agent.
[391/527] Compiling C object 'test-prioq@exe/src_test_test-prioq.c.o'.
[392/527] Compiling C object 'test-ellipsize@exe/src_test_test-ellipsize.c.o'.
[393/527] Compiling C object 'test-strip-tab-ansi@exe/src_test_test-strip-tab-ansi.c.o'.
[394/527] Compiling C object 'test-siphash24@exe/src_test_test-siphash24.c.o'.
[395/527] Compiling C object 'test-hash@exe/src_test_test-hash.c.o'.
[396/527] Compiling C object 'test-cgroup@exe/src_test_test-cgroup.c.o'.
[397/527] Compiling C object 'test-conf-files@exe/src_test_test-conf-files.c.o'.
[398/527] Compiling C object 'test-path-util@exe/src_test_test-path-util.c.o'.
[399/527] Compiling C object 'test-id128@exe/src_test_test-id128.c.o'.
[400/527] Compiling C object 'test-bus-error@exe/src_libelogind_sd-bus_test-bus-error.c.o'.
[401/527] Compiling C object 'test-login-shared@exe/src_login_test-login-shared.c.o'.
[402/527] Compiling C object 'test-bus-vtable@exe/src_libelogind_sd-bus_test-bus-vtable.c.o'.
[403/527] Compiling C object 'test-bus-server@exe/src_libelogind_sd-bus_test-bus-server.c.o'.
[404/527] Compiling C object 'test-bus-signature@exe/src_libelogind_sd-bus_test-bus-signature.c.o'.
[405/527] Compiling C object 'test-bus-introspect@exe/src_libelogind_sd-bus_test-bus-introspect.c.o'.
[406/527] Compiling C object 'test-inhibit@exe/src_login_test-inhibit.c.o'.
[407/527] Compiling C object 'test-bus-match@exe/src_libelogind_sd-bus_test-bus-match.c.o'.
[408/527] Compiling C object 'test-login@exe/src_libelogind_sd-login_test-login.c.o'.
[409/527] Compiling C object 'test-event@exe/src_libelogind_sd-event_test-event.c.o'.
[410/527] Compiling C object 'test-libelogind-sym@exe/meson-generated_.._src_test_test-libelogind-sym.c.o'.
[411/527] Compiling C object 'test-conf-parser@exe/src_test_test-conf-parser.c.o'.
[412/527] Compiling C object 'test-login-tables@exe/src_login_test-login-tables.c.o'.
[413/527] Linking target test-bus-error.
[414/527] Generating logind.conf.5 with a custom command.
[415/527] Generating pam_elogind.8 with a custom command.
[416/527] Generating loginctl.1 with a custom command.
[417/527] Generating elogind.8 with a custom command.
[418/527] Generating sd_booted.3 with a custom command.
[419/527] Generating sd-event.3 with a custom command.
[420/527] Generating sd-bus.3 with a custom command.
[421/527] Generating sd_bus_add_match.3 with a custom command.
[422/527] Generating sd_bus_creds_get_pid.3 with a custom command.
[423/527] Generating sd_bus_default.3 with a custom command.
[424/527] Generating sd_bus_get_fd.3 with a custom command.
[425/527] Generating sd_bus_creds_new_from_pid.3 with a custom command.
[426/527] Generating sd_bus_error.3 with a custom command.
[427/527] Generating sd_bus_error_add_map.3 with a custom command.
[428/527] Generating sd_bus_message_append.3 with a custom command.
[429/527] Generating sd_bus_message_append_array.3 with a custom command.
[430/527] Generating sd_bus_message_append_basic.3 with a custom command.
[431/527] Generating sd_bus_message_append_strv.3 with a custom command.
[432/527] Generating sd_bus_message_read_basic.3 with a custom command.
[433/527] Generating sd_bus_new.3 with a custom command.
[434/527] Generating sd_bus_process.3 with a custom command.
[435/527] Generating sd_bus_request_name.3 with a custom command.
[436/527] Generating sd_bus_track_new.3 with a custom command.
[437/527] Generating sd_bus_track_add_name.3 with a custom command.
[438/527] Generating sd_bus_negotiate_fds.3 with a custom command.
[439/527] Generating sd_event_add_child.3 with a custom command.
[440/527] Generating sd_event_add_defer.3 with a custom command.
[441/527] Generating sd_event_exit.3 with a custom command.
[442/527] Generating sd_event_add_signal.3 with a custom command.
[443/527] Generating sd_event_add_time.3 with a custom command.
[444/527] Generating sd_event_add_io.3 with a custom command.
[445/527] Generating sd_event_now.3 with a custom command.
[446/527] Generating sd_event_new.3 with a custom command.
[447/527] Generating sd_event_run.3 with a custom command.
[448/527] Generating sd_event_set_watchdog.3 with a custom command.
[449/527] Generating sd_event_source_set_description.3 with a custom command.
[450/527] Generating sd_event_source_get_event.3 with a custom command.
[451/527] Generating sd_event_source_get_pending.3 with a custom command.
[452/527] Generating sd_event_source_set_enabled.3 with a custom command.
[453/527] Generating sd_event_source_set_priority.3 with a custom command.
[454/527] Generating sd_event_source_unref.3 with a custom command.
[455/527] Generating sd_event_source_set_userdata.3 with a custom command.
[456/527] Generating sd_event_source_set_prepare.3 with a custom command.
[457/527] Generating sd_get_seats.3 with a custom command.
[458/527] Generating sd_event_wait.3 with a custom command.
[459/527] Generating sd_id128_get_machine.3 with a custom command.
[460/527] Generating sd_id128_randomize.3 with a custom command.
[461/527] Generating sd_id128_to_string.3 with a custom command.
[462/527] Generating sd_login_monitor_new.3 with a custom command.
[463/527] Generating sd_machine_get_class.3 with a custom command.
[464/527] Generating sd_is_fifo.3 with a custom command.
[465/527] Generating sd_notify.3 with a custom command.
[466/527] Generating sd_listen_fds.3 with a custom command.
[467/527] Generating sd_seat_get_active.3 with a custom command.
[468/527] Generating sd_uid_get_state.3 with a custom command.
[469/527] Generating sd_watchdog_enabled.3 with a custom command.
[470/527] Generating sd_pid_get_session.3 with a custom command.
[471/527] Generating sd_session_is_active.3 with a custom command.
[472/527] Linking target libelogind.so.0.19.1.
[473/527] Generating symbol file 'elogind@sha/libelogind.so.0.19.1.symbols'.
[474/527] Linking target test-libelogind-sym.
[475/527] Linking target pam_elogind.so.
[476/527] Linking target src/shared/libelogind-shared-235.2.so.
[477/527] Generating symbol file 'src/shared/elogind-shared-235.2@sha/src/shared/libelogind-shared-235.2.so.symbols'.
[478/527] Linking target test-io-util.
[479/527] Linking target test-locale-util.
[480/527] Linking target test-util.
[481/527] Linking target elogind-inhibit.
[482/527] Linking target test-utf8.
[483/527] Linking target test-random-util.
[484/527] Linking target test-alloc-util.
[485/527] Linking target test-exec-util.
[486/527] Linking target test-fd-util.
[487/527] Linking target test-proc-cmdline.
[488/527] Linking target test-stat-util.
[489/527] Linking target test-hexdecoct.
[490/527] Linking target test-escape.
[491/527] Linking target test-fs-util.
[492/527] Linking target test-parse-util.
[493/527] Linking target test-signal-util.
[494/527] Linking target test-user-util.
[495/527] Linking target test-verbs.
[496/527] Linking target test-string-util.
[497/527] Linking target test-extract-word.
[498/527] Linking target test-process-util.
[499/527] Linking target loginctl.
[500/527] Linking target test-selinux.
[501/527] Linking target test-log.
[502/527] Linking target test-list.
[503/527] Linking target test-set.
[504/527] Linking target test-ellipsize.
[505/527] Linking target test-prioq.
[506/527] Linking target test-unaligned.
[507/527] Linking target test-ipcrm.
[508/527] Linking target test-strip-tab-ansi.
[509/527] Linking target test-cgroup.
[510/527] Linking target test-siphash24.
[511/527] Linking target test-hash.
[512/527] Linking target test-conf-files.
[513/527] Linking target test-id128.
[514/527] Linking target test-bus-vtable.
[515/527] Linking target test-conf-parser.
[516/527] Linking target test-bus-signature.
[517/527] Linking target test-login-shared.
[518/527] Linking target test-bus-server.
[519/527] Linking target test-bus-match.
[520/527] Linking target test-bus-introspect.
[521/527] Linking target test-inhibit.
[522/527] Linking target test-path-util.
[523/527] Linking target test-login-tables.
[524/527] Linking target test-event.
[525/527] Linking target test-hashmap.
[526/527] Linking target test-login.
[527/527] Linking target elogind.
