Making install in src
make[1]: Verzeichnis „/build/xf86-video-ati/src/xf86-video-ati-7.10.0/src“ wird betreten
make[2]: Verzeichnis „/build/xf86-video-ati/src/xf86-video-ati-7.10.0/src“ wird betreten
make[2]: Für das Ziel „install-exec-am“ ist nichts zu tun.
 /usr/bin/mkdir -p '/build/xf86-video-ati/pkg/xf86-video-ati/usr/lib/xorg/modules/drivers'
 /bin/sh ../libtool   --mode=install /usr/bin/install -c   ati_drv.la '/build/xf86-video-ati/pkg/xf86-video-ati/usr/lib/xorg/modules/drivers'
 /usr/bin/mkdir -p '/build/xf86-video-ati/pkg/xf86-video-ati/usr/lib/xorg/modules/drivers'
 /bin/sh ../libtool   --mode=install /usr/bin/install -c   radeon_drv.la '/build/xf86-video-ati/pkg/xf86-video-ati/usr/lib/xorg/modules/drivers'
libtool: install: /usr/bin/install -c .libs/ati_drv.so /build/xf86-video-ati/pkg/xf86-video-ati/usr/lib/xorg/modules/drivers/ati_drv.so
libtool: install: /usr/bin/install -c .libs/ati_drv.lai /build/xf86-video-ati/pkg/xf86-video-ati/usr/lib/xorg/modules/drivers/ati_drv.la
libtool: warning: remember to run 'libtool --finish /usr/lib/xorg/modules/drivers'
libtool: install: /usr/bin/install -c .libs/radeon_drv.so /build/xf86-video-ati/pkg/xf86-video-ati/usr/lib/xorg/modules/drivers/radeon_drv.so
libtool: install: /usr/bin/install -c .libs/radeon_drv.lai /build/xf86-video-ati/pkg/xf86-video-ati/usr/lib/xorg/modules/drivers/radeon_drv.la
libtool: warning: remember to run 'libtool --finish /usr/lib/xorg/modules/drivers'
make[2]: Verzeichnis „/build/xf86-video-ati/src/xf86-video-ati-7.10.0/src“ wird verlassen
make[1]: Verzeichnis „/build/xf86-video-ati/src/xf86-video-ati-7.10.0/src“ wird verlassen
Making install in man
make[1]: Verzeichnis „/build/xf86-video-ati/src/xf86-video-ati-7.10.0/man“ wird betreten
make[2]: Verzeichnis „/build/xf86-video-ati/src/xf86-video-ati-7.10.0/man“ wird betreten
make[2]: Für das Ziel „install-exec-am“ ist nichts zu tun.
 /usr/bin/mkdir -p '/build/xf86-video-ati/pkg/xf86-video-ati/usr/share/man/man4'
 /usr/bin/install -c -m 644 ati.4 radeon.4 '/build/xf86-video-ati/pkg/xf86-video-ati/usr/share/man/man4'
make[2]: Verzeichnis „/build/xf86-video-ati/src/xf86-video-ati-7.10.0/man“ wird verlassen
make[1]: Verzeichnis „/build/xf86-video-ati/src/xf86-video-ati-7.10.0/man“ wird verlassen
Making install in conf
make[1]: Verzeichnis „/build/xf86-video-ati/src/xf86-video-ati-7.10.0/conf“ wird betreten
make[2]: Verzeichnis „/build/xf86-video-ati/src/xf86-video-ati-7.10.0/conf“ wird betreten
make[2]: Für das Ziel „install-exec-am“ ist nichts zu tun.
 /usr/bin/mkdir -p '/build/xf86-video-ati/pkg/xf86-video-ati/usr/share/X11/xorg.conf.d'
 /usr/bin/install -c -m 644 10-radeon.conf '/build/xf86-video-ati/pkg/xf86-video-ati/usr/share/X11/xorg.conf.d'
make[2]: Verzeichnis „/build/xf86-video-ati/src/xf86-video-ati-7.10.0/conf“ wird verlassen
make[1]: Verzeichnis „/build/xf86-video-ati/src/xf86-video-ati-7.10.0/conf“ wird verlassen
make[1]: Verzeichnis „/build/xf86-video-ati/src/xf86-video-ati-7.10.0“ wird betreten
make[2]: Verzeichnis „/build/xf86-video-ati/src/xf86-video-ati-7.10.0“ wird betreten
make[2]: Für das Ziel „install-exec-am“ ist nichts zu tun.
make[2]: Für das Ziel „install-data-am“ ist nichts zu tun.
make[2]: Verzeichnis „/build/xf86-video-ati/src/xf86-video-ati-7.10.0“ wird verlassen
make[1]: Verzeichnis „/build/xf86-video-ati/src/xf86-video-ati-7.10.0“ wird verlassen
