~/libbytesize/src/libbytesize-1.0 ~/libbytesize/src/libbytesize-1.0
aclocal: installing 'm4/libtool.m4' from '/usr/share/aclocal/libtool.m4'
aclocal: installing 'm4/ltoptions.m4' from '/usr/share/aclocal/ltoptions.m4'
aclocal: installing 'm4/ltsugar.m4' from '/usr/share/aclocal/ltsugar.m4'
aclocal: installing 'm4/ltversion.m4' from '/usr/share/aclocal/ltversion.m4'
aclocal: installing 'm4/lt~obsolete.m4' from '/usr/share/aclocal/lt~obsolete.m4'
aclocal: installing 'm4/pkg.m4' from '/usr/share/aclocal/pkg.m4'
autoreconf: Entering directory `.'
autoreconf: configure.ac: not using Gettext
autoreconf: running: aclocal --force --warnings=no-portability -I m4
autoreconf: configure.ac: tracing
autoreconf: running: libtoolize --copy --force
libtoolize: putting auxiliary files in '.'.
libtoolize: copying file './ltmain.sh'
libtoolize: putting macros in AC_CONFIG_MACRO_DIRS, 'm4'.
libtoolize: copying file 'm4/libtool.m4'
libtoolize: copying file 'm4/ltoptions.m4'
libtoolize: copying file 'm4/ltsugar.m4'
libtoolize: copying file 'm4/ltversion.m4'
libtoolize: copying file 'm4/lt~obsolete.m4'
autoreconf: running: /usr/bin/autoconf --force --warnings=no-portability
autoreconf: configure.ac: not using Autoheader
autoreconf: running: automake --add-missing --copy --force-missing --warnings=no-portability
configure.ac:25: installing './ar-lib'
configure.ac:25: installing './compile'
configure.ac:28: installing './config.guess'
configure.ac:28: installing './config.sub'
configure.ac:9: installing './install-sh'
configure.ac:9: installing './missing'
src/Makefile.am: installing './depcomp'
parallel-tests: installing './test-driver'
autoreconf: Leaving directory `.'
~/libbytesize/src/libbytesize-1.0
checking for a BSD-compatible install... /usr/bin/install -c
checking whether build environment is sane... yes
checking for a thread-safe mkdir -p... /usr/bin/mkdir -p
checking for gawk... gawk
checking whether make sets $(MAKE)... yes
checking whether make supports nested variables... yes
checking for xgettext... /usr/bin/xgettext
checking for msgfmt... /usr/bin/msgfmt
checking for msgmerge... /usr/bin/msgmerge
checking for msgcat... /usr/bin/msgcat
checking for python... /usr/bin/python
checking for python version... 3.6
checking for python platform... linux
checking for python script directory... ${prefix}/lib/python3.6/site-packages
checking for python extension module directory... ${exec_prefix}/lib/python3.6/site-packages
checking for style of include used by make... GNU
checking for gcc... gcc
checking whether the C compiler works... yes
checking for C compiler default output file name... a.out
checking for suffix of executables... 
checking whether we are cross compiling... no
checking for suffix of object files... o
checking whether we are using the GNU C compiler... yes
checking whether gcc accepts -g... yes
checking for gcc option to accept ISO C89... none needed
checking whether gcc understands -c and -o together... yes
checking dependency style of gcc... gcc3
checking for ar... ar
checking the archiver (ar) interface... ar
checking for gcc... (cached) gcc
checking whether we are using the GNU C compiler... (cached) yes
checking whether gcc accepts -g... (cached) yes
checking for gcc option to accept ISO C89... (cached) none needed
checking whether gcc understands -c and -o together... (cached) yes
checking dependency style of gcc... (cached) gcc3
checking build system type... x86_64-pc-linux-gnu
checking host system type... x86_64-pc-linux-gnu
checking how to print strings... printf
checking for a sed that does not truncate output... /usr/bin/sed
checking for grep that handles long lines and -e... /usr/bin/grep
checking for egrep... /usr/bin/grep -E
checking for fgrep... /usr/bin/grep -F
checking for ld used by gcc... /usr/bin/ld
checking if the linker (/usr/bin/ld) is GNU ld... yes
checking for BSD- or MS-compatible name lister (nm)... /usr/bin/nm -B
checking the name lister (/usr/bin/nm -B) interface... BSD nm
checking whether ln -s works... yes
checking the maximum length of command line arguments... 1572864
checking how to convert x86_64-pc-linux-gnu file names to x86_64-pc-linux-gnu format... func_convert_file_noop
checking how to convert x86_64-pc-linux-gnu file names to toolchain format... func_convert_file_noop
checking for /usr/bin/ld option to reload object files... -r
checking for objdump... objdump
checking how to recognize dependent libraries... pass_all
checking for dlltool... no
checking how to associate runtime and link libraries... printf %s\n
checking for archiver @FILE support... @
checking for strip... strip
checking for ranlib... ranlib
checking command to parse /usr/bin/nm -B output from gcc object... ok
checking for sysroot... no
checking for a working dd... /usr/bin/dd
checking how to truncate binary pipes... /usr/bin/dd bs=4096 count=1
checking for mt... no
checking if : is a manifest tool... no
checking how to run the C preprocessor... gcc -E
checking for ANSI C header files... yes
checking for sys/types.h... yes
checking for sys/stat.h... yes
checking for stdlib.h... yes
checking for string.h... yes
checking for memory.h... yes
checking for strings.h... yes
checking for inttypes.h... yes
checking for stdint.h... yes
checking for unistd.h... yes
checking for dlfcn.h... yes
checking for objdir... .libs
checking if gcc supports -fno-rtti -fno-exceptions... no
checking for gcc option to produce PIC... -fPIC -DPIC
checking if gcc PIC flag -fPIC -DPIC works... yes
checking if gcc static flag -static works... yes
checking if gcc supports -c -o file.o... yes
checking if gcc supports -c -o file.o... (cached) yes
checking whether the gcc linker (/usr/bin/ld -m elf_x86_64) supports shared libraries... yes
checking whether -lc should be explicitly linked in... no
checking dynamic linker characteristics... GNU/Linux ld.so
checking how to hardcode library paths into programs... immediate
checking whether stripping libraries is possible... yes
checking if libtool supports shared libraries... yes
checking whether to build shared libraries... yes
checking whether to build static libraries... no
checking for pkg-config... /usr/bin/pkg-config
checking pkg-config is at least version 0.9.0... yes
checking for libpcre >= 8.32... yes
checking for __gmpz_init in -lgmp... yes
checking langinfo.h usability... yes
checking langinfo.h presence... yes
checking for langinfo.h... yes
checking gmp.h usability... yes
checking gmp.h presence... yes
checking for gmp.h... yes
checking mpfr.h usability... yes
checking mpfr.h presence... yes
checking for mpfr.h... yes
checking for stdint.h... (cached) yes
checking stdbool.h usability... yes
checking stdbool.h presence... yes
checking for stdbool.h... yes
checking stdarg.h usability... yes
checking stdarg.h presence... yes
checking for stdarg.h... yes
checking for string.h... (cached) yes
checking stdio.h usability... yes
checking stdio.h presence... yes
checking for stdio.h... yes
checking ctype.h usability... yes
checking ctype.h presence... yes
checking for ctype.h... yes
checking for python3... /usr/bin/python3
checking for gtkdoc-scan... no
checking that generated files are newer than configure... done
configure: creating ./config.status
config.status: creating Makefile
config.status: creating src/Makefile
config.status: creating src/bytesize.pc
config.status: creating po/Makefile
config.status: creating src/python/Makefile
config.status: creating dist/Makefile
config.status: creating dist/libbytesize.spec
config.status: creating docs/Makefile
config.status: creating docs/libbytesize-docs.xml
config.status: creating tests/Makefile
config.status: creating tests/libbytesize_unittest.sh
config.status: creating tests/canary_tests.sh
config.status: executing depfiles commands
config.status: executing libtool commands
Making all in .
make[1]: Verzeichnis „/build/libbytesize/src/libbytesize-1.0“ wird betreten
make[1]: Für das Ziel „all-am“ ist nichts zu tun.
make[1]: Verzeichnis „/build/libbytesize/src/libbytesize-1.0“ wird verlassen
Making all in po
make[1]: Verzeichnis „/build/libbytesize/src/libbytesize-1.0/po“ wird betreten
../translation-canary/xgettext_werror.sh --keyword=_ --keyword=N_ --keyword=P_:1,2 --keyword=C_:1c,2 --keyword=CN_:1c,2 --keyword=CP_:1c,2,3 --add-comments=TRANSLATORS: --from-code=UTF-8 --package-name=libbytesize --package-version=1.0 --copyright-holder="Red Hat, Inc." --msgid-bugs-address="anaconda-devel-list@redhat.com" --directory=.. -o libbytesize.pot \
    src/bs_size.c

make[1]: Verzeichnis „/build/libbytesize/src/libbytesize-1.0/po“ wird verlassen
Making all in src
make[1]: Verzeichnis „/build/libbytesize/src/libbytesize-1.0/src“ wird betreten
Making all in python
make[2]: Verzeichnis „/build/libbytesize/src/libbytesize-1.0/src/python“ wird betreten
make[2]: Für das Ziel „all“ ist nichts zu tun.
make[2]: Verzeichnis „/build/libbytesize/src/libbytesize-1.0/src/python“ wird verlassen
make[2]: Verzeichnis „/build/libbytesize/src/libbytesize-1.0/src“ wird betreten
/bin/sh ../libtool  --tag=CC   --mode=compile gcc -DPACKAGE_NAME=\"libbytesize\" -DPACKAGE_TARNAME=\"libbytesize\" -DPACKAGE_VERSION=\"1.0\" -DPACKAGE_STRING=\"libbytesize\ 1.0\" -DPACKAGE_BUGREPORT=\"vpodzime@redhat.com\" -DPACKAGE_URL=\"\" -DPACKAGE=\"libbytesize\" -DVERSION=\"1.0\" -DSTDC_HEADERS=1 -DHAVE_SYS_TYPES_H=1 -DHAVE_SYS_STAT_H=1 -DHAVE_STDLIB_H=1 -DHAVE_STRING_H=1 -DHAVE_MEMORY_H=1 -DHAVE_STRINGS_H=1 -DHAVE_INTTYPES_H=1 -DHAVE_STDINT_H=1 -DHAVE_UNISTD_H=1 -DHAVE_DLFCN_H=1 -DLT_OBJDIR=\".libs/\" -DHAVE_LIBGMP=1 -DHAVE_LANGINFO_H=1 -DHAVE_GMP_H=1 -DHAVE_MPFR_H=1 -DHAVE_STDINT_H=1 -DHAVE_STDBOOL_H=1 -DHAVE_STDARG_H=1 -DHAVE_STRING_H=1 -DHAVE_STDIO_H=1 -DHAVE_CTYPE_H=1 -I.  -DLOCALEDIR=\"/usr/share/locale\" -DDEFAULT_TEXT_DOMAIN=\"libbytesize\" -D_FORTIFY_SOURCE=2 -Wall -Wextra -Werror -Wno-overflow -D_GNU_SOURCE -march=x86-64 -mtune=generic -O2 -pipe -fstack-protector-strong -fno-plt -DENABLE_NLS -MT libbytesize_la-bs_size.lo -MD -MP -MF .deps/libbytesize_la-bs_size.Tpo -c -o libbytesize_la-bs_size.lo `test -f 'bs_size.c' || echo './'`bs_size.c
libtool: compile:  gcc -DPACKAGE_NAME=\"libbytesize\" -DPACKAGE_TARNAME=\"libbytesize\" -DPACKAGE_VERSION=\"1.0\" "-DPACKAGE_STRING=\"libbytesize 1.0\"" -DPACKAGE_BUGREPORT=\"vpodzime@redhat.com\" -DPACKAGE_URL=\"\" -DPACKAGE=\"libbytesize\" -DVERSION=\"1.0\" -DSTDC_HEADERS=1 -DHAVE_SYS_TYPES_H=1 -DHAVE_SYS_STAT_H=1 -DHAVE_STDLIB_H=1 -DHAVE_STRING_H=1 -DHAVE_MEMORY_H=1 -DHAVE_STRINGS_H=1 -DHAVE_INTTYPES_H=1 -DHAVE_STDINT_H=1 -DHAVE_UNISTD_H=1 -DHAVE_DLFCN_H=1 -DLT_OBJDIR=\".libs/\" -DHAVE_LIBGMP=1 -DHAVE_LANGINFO_H=1 -DHAVE_GMP_H=1 -DHAVE_MPFR_H=1 -DHAVE_STDINT_H=1 -DHAVE_STDBOOL_H=1 -DHAVE_STDARG_H=1 -DHAVE_STRING_H=1 -DHAVE_STDIO_H=1 -DHAVE_CTYPE_H=1 -I. -DLOCALEDIR=\"/usr/share/locale\" -DDEFAULT_TEXT_DOMAIN=\"libbytesize\" -D_FORTIFY_SOURCE=2 -Wall -Wextra -Werror -Wno-overflow -D_GNU_SOURCE -march=x86-64 -mtune=generic -O2 -pipe -fstack-protector-strong -fno-plt -DENABLE_NLS -MT libbytesize_la-bs_size.lo -MD -MP -MF .deps/libbytesize_la-bs_size.Tpo -c bs_size.c  -fPIC -DPIC -o .libs/libbytesize_la-bs_size.o
mv -f .deps/libbytesize_la-bs_size.Tpo .deps/libbytesize_la-bs_size.Plo
/bin/sh ../libtool  --tag=CC   --mode=link gcc -Wall -Wextra -Werror -Wno-overflow -D_GNU_SOURCE -march=x86-64 -mtune=generic -O2 -pipe -fstack-protector-strong -fno-plt -DENABLE_NLS -version-info 1:0:0 -Wl,-O1,--sort-common,--as-needed,-z,relro,-z,now -o libbytesize.la -rpath /usr/lib libbytesize_la-bs_size.lo -lgmp -lmpfr -lpcre -lgmp 
libtool: link: gcc -shared  -fPIC -DPIC  .libs/libbytesize_la-bs_size.o   -lmpfr -lpcre -lgmp  -march=x86-64 -mtune=generic -O2 -fstack-protector-strong -Wl,-O1 -Wl,--sort-common -Wl,--as-needed -Wl,-z -Wl,relro -Wl,-z -Wl,now   -Wl,-soname -Wl,libbytesize.so.1 -o .libs/libbytesize.so.1.0.0
libtool: link: (cd ".libs" && rm -f "libbytesize.so.1" && ln -s "libbytesize.so.1.0.0" "libbytesize.so.1")
libtool: link: (cd ".libs" && rm -f "libbytesize.so" && ln -s "libbytesize.so.1.0.0" "libbytesize.so")
libtool: link: ( cd ".libs" && rm -f "libbytesize.la" && ln -s "../libbytesize.la" "libbytesize.la" )
make[2]: Verzeichnis „/build/libbytesize/src/libbytesize-1.0/src“ wird verlassen
make[1]: Verzeichnis „/build/libbytesize/src/libbytesize-1.0/src“ wird verlassen
Making all in dist
make[1]: Verzeichnis „/build/libbytesize/src/libbytesize-1.0/dist“ wird betreten
make[1]: Für das Ziel „all“ ist nichts zu tun.
make[1]: Verzeichnis „/build/libbytesize/src/libbytesize-1.0/dist“ wird verlassen
Making all in tests
make[1]: Verzeichnis „/build/libbytesize/src/libbytesize-1.0/tests“ wird betreten
make[1]: Für das Ziel „all“ ist nichts zu tun.
make[1]: Verzeichnis „/build/libbytesize/src/libbytesize-1.0/tests“ wird verlassen
